2024-10-20 01:50:39.952 [info] [main] Log level: Info
2024-10-20 01:50:39.952 [info] [main] Validating found git in: "git"
2024-10-20 01:50:39.952 [info] [main] Using git "2.47.0" from "git"
2024-10-20 01:50:39.952 [info] [Model][doInitialScan] Initial repository scan started
2024-10-20 01:50:39.952 [info] > git rev-parse --show-toplevel [10ms]
2024-10-20 01:50:39.952 [info] fatal: not a git repository (or any parent up to mount point /)
Stopping at filesystem boundary (GIT_DISCOVERY_ACROSS_FILESYSTEM not set).
2024-10-20 01:50:39.952 [info] > git rev-parse --show-toplevel [6ms]
2024-10-20 01:50:39.952 [info] fatal: not a git repository (or any parent up to mount point /)
Stopping at filesystem boundary (GIT_DISCOVERY_ACROSS_FILESYSTEM not set).
2024-10-20 01:50:39.953 [info] > git rev-parse --show-toplevel [1ms]
2024-10-20 01:50:39.953 [info] fatal: not a git repository (or any parent up to mount point /)
Stopping at filesystem boundary (GIT_DISCOVERY_ACROSS_FILESYSTEM not set).
2024-10-20 01:50:39.960 [info] > git rev-parse --show-toplevel [1ms]
2024-10-20 01:50:39.960 [info] fatal: not a git repository (or any parent up to mount point /)
Stopping at filesystem boundary (GIT_DISCOVERY_ACROSS_FILESYSTEM not set).
2024-10-20 01:50:39.967 [info] > git rev-parse --show-toplevel [1ms]
2024-10-20 01:50:39.967 [info] fatal: not a git repository (or any parent up to mount point /)
Stopping at filesystem boundary (GIT_DISCOVERY_ACROSS_FILESYSTEM not set).
2024-10-20 01:50:39.976 [info] > git rev-parse --show-toplevel [1ms]
2024-10-20 01:50:39.976 [info] fatal: not a git repository (or any parent up to mount point /)
Stopping at filesystem boundary (GIT_DISCOVERY_ACROSS_FILESYSTEM not set).
2024-10-20 01:50:39.983 [info] > git rev-parse --show-toplevel [1ms]
2024-10-20 01:50:39.983 [info] fatal: not a git repository (or any parent up to mount point /)
Stopping at filesystem boundary (GIT_DISCOVERY_ACROSS_FILESYSTEM not set).
2024-10-20 01:50:39.991 [info] > git rev-parse --show-toplevel [1ms]
2024-10-20 01:50:39.991 [info] fatal: not a git repository (or any parent up to mount point /)
Stopping at filesystem boundary (GIT_DISCOVERY_ACROSS_FILESYSTEM not set).
2024-10-20 01:50:40.000 [info] > git rev-parse --show-toplevel [2ms]
2024-10-20 01:50:40.000 [info] fatal: not a git repository (or any parent up to mount point /)
Stopping at filesystem boundary (GIT_DISCOVERY_ACROSS_FILESYSTEM not set).
2024-10-20 01:50:40.010 [info] > git rev-parse --show-toplevel [1ms]
2024-10-20 01:50:40.010 [info] fatal: not a git repository (or any parent up to mount point /)
Stopping at filesystem boundary (GIT_DISCOVERY_ACROSS_FILESYSTEM not set).
2024-10-20 01:50:40.017 [info] > git rev-parse --show-toplevel [2ms]
2024-10-20 01:50:40.017 [info] fatal: not a git repository (or any parent up to mount point /)
Stopping at filesystem boundary (GIT_DISCOVERY_ACROSS_FILESYSTEM not set).
2024-10-20 01:50:40.024 [info] > git rev-parse --show-toplevel [1ms]
2024-10-20 01:50:40.024 [info] fatal: not a git repository (or any parent up to mount point /)
Stopping at filesystem boundary (GIT_DISCOVERY_ACROSS_FILESYSTEM not set).
2024-10-20 01:50:40.024 [info] [Model][doInitialScan] Initial repository scan completed - repositories (0), closed repositories (0), parent repositories (0), unsafe repositories (0)
2024-10-20 01:50:41.250 [info] > git rev-parse --show-toplevel [2ms]
2024-10-20 01:50:41.250 [info] fatal: not a git repository (or any parent up to mount point /)
Stopping at filesystem boundary (GIT_DISCOVERY_ACROSS_FILESYSTEM not set).
2024-10-20 01:50:41.265 [info] > git rev-parse --show-toplevel [7ms]
2024-10-20 01:50:41.265 [info] fatal: not a git repository (or any parent up to mount point /)
Stopping at filesystem boundary (GIT_DISCOVERY_ACROSS_FILESYSTEM not set).
2024-10-20 01:50:41.274 [info] > git rev-parse --show-toplevel [2ms]
2024-10-20 01:50:41.274 [info] fatal: not a git repository (or any parent up to mount point /)
Stopping at filesystem boundary (GIT_DISCOVERY_ACROSS_FILESYSTEM not set).
2024-10-20 01:50:41.284 [info] > git rev-parse --show-toplevel [2ms]
2024-10-20 01:50:41.284 [info] fatal: not a git repository (or any parent up to mount point /)
Stopping at filesystem boundary (GIT_DISCOVERY_ACROSS_FILESYSTEM not set).
2024-10-20 01:50:41.293 [info] > git rev-parse --show-toplevel [2ms]
2024-10-20 01:50:41.293 [info] fatal: not a git repository (or any parent up to mount point /)
Stopping at filesystem boundary (GIT_DISCOVERY_ACROSS_FILESYSTEM not set).
2024-10-20 01:50:41.313 [info] > git rev-parse --show-toplevel [12ms]
2024-10-20 01:50:41.313 [info] fatal: not a git repository (or any parent up to mount point /)
Stopping at filesystem boundary (GIT_DISCOVERY_ACROSS_FILESYSTEM not set).
2024-10-20 01:50:41.322 [info] > git rev-parse --show-toplevel [1ms]
2024-10-20 01:50:41.322 [info] fatal: not a git repository (or any parent up to mount point /)
Stopping at filesystem boundary (GIT_DISCOVERY_ACROSS_FILESYSTEM not set).
2024-10-20 01:50:41.329 [info] > git rev-parse --show-toplevel [1ms]
2024-10-20 01:50:41.329 [info] fatal: not a git repository (or any parent up to mount point /)
Stopping at filesystem boundary (GIT_DISCOVERY_ACROSS_FILESYSTEM not set).
2024-10-20 01:50:41.336 [info] > git rev-parse --show-toplevel [1ms]
2024-10-20 01:50:41.336 [info] fatal: not a git repository (or any parent up to mount point /)
Stopping at filesystem boundary (GIT_DISCOVERY_ACROSS_FILESYSTEM not set).
2024-10-20 01:50:42.437 [info] > git rev-parse --show-toplevel [2ms]
2024-10-20 01:50:42.437 [info] fatal: not a git repository (or any parent up to mount point /)
Stopping at filesystem boundary (GIT_DISCOVERY_ACROSS_FILESYSTEM not set).
2024-10-20 01:50:42.677 [info] > git rev-parse --show-toplevel [5ms]
2024-10-20 01:50:42.677 [info] fatal: not a git repository (or any parent up to mount point /)
Stopping at filesystem boundary (GIT_DISCOVERY_ACROSS_FILESYSTEM not set).
2024-10-20 01:50:42.708 [info] > git rev-parse --show-toplevel [24ms]
2024-10-20 01:50:42.708 [info] fatal: not a git repository (or any parent up to mount point /)
Stopping at filesystem boundary (GIT_DISCOVERY_ACROSS_FILESYSTEM not set).
2024-10-20 01:50:42.717 [info] > git rev-parse --show-toplevel [2ms]
2024-10-20 01:50:42.717 [info] fatal: not a git repository (or any parent up to mount point /)
Stopping at filesystem boundary (GIT_DISCOVERY_ACROSS_FILESYSTEM not set).
2024-10-20 01:50:43.695 [info] > git rev-parse --show-toplevel [2ms]
2024-10-20 01:50:43.695 [info] fatal: not a git repository (or any parent up to mount point /)
Stopping at filesystem boundary (GIT_DISCOVERY_ACROSS_FILESYSTEM not set).
2024-10-20 01:50:43.711 [info] > git rev-parse --show-toplevel [3ms]
2024-10-20 01:50:43.711 [info] fatal: not a git repository (or any parent up to mount point /)
Stopping at filesystem boundary (GIT_DISCOVERY_ACROSS_FILESYSTEM not set).
2024-10-20 01:50:43.720 [info] > git rev-parse --show-toplevel [1ms]
2024-10-20 01:50:43.720 [info] fatal: not a git repository (or any parent up to mount point /)
Stopping at filesystem boundary (GIT_DISCOVERY_ACROSS_FILESYSTEM not set).
2024-10-20 01:51:40.417 [info] > git rev-parse --show-toplevel [2ms]
2024-10-20 01:51:40.417 [info] fatal: not a git repository (or any parent up to mount point /)
Stopping at filesystem boundary (GIT_DISCOVERY_ACROSS_FILESYSTEM not set).
2024-10-20 01:51:43.992 [info] > git rev-parse --show-toplevel [2ms]
2024-10-20 01:51:43.992 [info] fatal: not a git repository (or any parent up to mount point /)
Stopping at filesystem boundary (GIT_DISCOVERY_ACROSS_FILESYSTEM not set).
2024-10-20 01:53:52.321 [info] > git rev-parse --show-toplevel [1ms]
2024-10-20 01:53:52.321 [info] fatal: not a git repository (or any parent up to mount point /)
Stopping at filesystem boundary (GIT_DISCOVERY_ACROSS_FILESYSTEM not set).
2024-10-20 01:54:45.263 [info] > git rev-parse --show-toplevel [2ms]
2024-10-20 01:54:45.263 [info] fatal: not a git repository (or any parent up to mount point /)
Stopping at filesystem boundary (GIT_DISCOVERY_ACROSS_FILESYSTEM not set).
2024-10-20 02:12:19.414 [warning] [Model][getRepositoryExact] Failed to get repository realpath for: "/home/incognito/Dotfiles/Files/alacritty". Error:Error: ENOENT: no such file or directory, realpath '/home/incognito/Dotfiles/Files/alacritty'
2024-10-20 02:12:24.238 [info] [main] Log level: Info
2024-10-20 02:12:24.238 [info] [main] Validating found git in: "git"
2024-10-20 02:12:24.238 [info] [main] Using git "2.47.0" from "git"
2024-10-20 02:12:24.239 [info] [Model][doInitialScan] Initial repository scan started
2024-10-20 02:12:24.239 [warning] [Model][getRepositoryExact] Failed to get repository realpath for: "/home/incognito/Dotfiles/Files/alacritty". Error:Error: ENOENT: no such file or directory, realpath '/home/incognito/Dotfiles/Files/alacritty'
2024-10-20 02:12:24.239 [info] [Model][doInitialScan] Initial repository scan completed - repositories (0), closed repositories (0), parent repositories (0), unsafe repositories (0)
2024-10-20 02:12:37.707 [info] > git rev-parse --show-toplevel [3ms]
2024-10-20 02:12:37.707 [info] fatal: not a git repository (or any parent up to mount point /)
Stopping at filesystem boundary (GIT_DISCOVERY_ACROSS_FILESYSTEM not set).
2024-10-20 02:12:38.772 [info] [main] Log level: Info
2024-10-20 02:12:38.772 [info] [main] Validating found git in: "git"
2024-10-20 02:12:38.772 [info] [main] Using git "2.47.0" from "git"
2024-10-20 02:12:38.772 [info] [Model][doInitialScan] Initial repository scan started
2024-10-20 02:12:38.772 [info] > git rev-parse --show-toplevel [5ms]
2024-10-20 02:12:38.772 [info] fatal: not a git repository (or any parent up to mount point /)
Stopping at filesystem boundary (GIT_DISCOVERY_ACROSS_FILESYSTEM not set).
2024-10-20 02:12:38.772 [warning] [Model][getRepositoryExact] Failed to get repository realpath for: "/home/incognito/Dotfiles/Files/alacritty". Error:Error: ENOENT: no such file or directory, realpath '/home/incognito/Dotfiles/Files/alacritty'
2024-10-20 02:12:38.772 [info] [Model][doInitialScan] Initial repository scan completed - repositories (0), closed repositories (0), parent repositories (0), unsafe repositories (0)
2024-10-20 02:22:50.360 [warning] [Model][getRepositoryExact] Failed to get repository realpath for: "/home/incognito/Dotfiles/Files/alacritty". Error:Error: ENOENT: no such file or directory, realpath '/home/incognito/Dotfiles/Files/alacritty'
2024-10-20 02:23:54.048 [info] [main] Log level: Info
2024-10-20 02:23:54.048 [info] [main] Validating found git in: "git"
2024-10-20 02:23:54.048 [info] [main] Using git "2.47.0" from "git"
2024-10-20 02:23:54.048 [info] [Model][doInitialScan] Initial repository scan started
2024-10-20 02:23:54.048 [warning] [Model][getRepositoryExact] Failed to get repository realpath for: "/home/incognito/Dotfiles/Files/alacritty". Error:Error: ENOENT: no such file or directory, realpath '/home/incognito/Dotfiles/Files/alacritty'
2024-10-20 02:23:54.048 [info] [Model][doInitialScan] Initial repository scan completed - repositories (0), closed repositories (0), parent repositories (0), unsafe repositories (0)
2024-10-20 02:23:59.065 [info] > git rev-parse --show-toplevel [2ms]
2024-10-20 02:23:59.065 [info] fatal: not a git repository (or any parent up to mount point /)
Stopping at filesystem boundary (GIT_DISCOVERY_ACROSS_FILESYSTEM not set).
2024-10-20 02:24:00.105 [info] [main] Log level: Info
2024-10-20 02:24:00.105 [info] [main] Validating found git in: "git"
2024-10-20 02:24:00.105 [info] [main] Using git "2.47.0" from "git"
2024-10-20 02:24:00.105 [info] [Model][doInitialScan] Initial repository scan started
2024-10-20 02:24:00.105 [info] > git rev-parse --show-toplevel [3ms]
2024-10-20 02:24:00.105 [info] fatal: not a git repository (or any parent up to mount point /)
Stopping at filesystem boundary (GIT_DISCOVERY_ACROSS_FILESYSTEM not set).
2024-10-20 02:24:00.105 [warning] [Model][getRepositoryExact] Failed to get repository realpath for: "/home/incognito/Dotfiles/Files/alacritty". Error:Error: ENOENT: no such file or directory, realpath '/home/incognito/Dotfiles/Files/alacritty'
2024-10-20 02:24:00.105 [info] [Model][doInitialScan] Initial repository scan completed - repositories (0), closed repositories (0), parent repositories (0), unsafe repositories (0)
