2024-10-19 22:44:54.936 [info] Extension host with pid 6563 started
2024-10-19 22:44:54.936 [info] Skipping acquiring lock for /home/incognito/.config/VSCodium/User/workspaceStorage/28f7d9a6e1672b620ac4d21a7789c1c6.
2024-10-19 22:44:55.053 [info] ExtensionService#_doActivateExtension vscode.media-preview, startup: false, activationEvent: 'onCustomEditor:imagePreview.previewEditor'
2024-10-19 22:44:55.084 [info] ExtensionService#_doActivateExtension vscode.git-base, startup: true, activationEvent: '*', root cause: vscode.git
2024-10-19 22:44:55.125 [info] ExtensionService#_doActivateExtension vscode.git, startup: true, activationEvent: '*'
2024-10-19 22:44:55.211 [info] ExtensionService#_doActivateExtension vscode.github, startup: true, activationEvent: '*'
2024-10-19 22:44:55.304 [info] Eager extensions activated
2024-10-19 22:44:55.345 [info] ExtensionService#_doActivateExtension vscode.debug-auto-launch, startup: false, activationEvent: 'onStartupFinished'
2024-10-19 22:44:55.347 [info] ExtensionService#_doActivateExtension vscode.merge-conflict, startup: false, activationEvent: 'onStartupFinished'
2024-10-19 22:45:50.105 [info] ExtensionService#_doActivateExtension vscode.emmet, startup: false, activationEvent: 'onLanguage'
2024-10-19 22:48:09.594 [info] ExtensionService#_doActivateExtension vscode.configuration-editing, startup: false, activationEvent: 'onLanguage:jsonc'
2024-10-19 22:48:09.620 [info] ExtensionService#_doActivateExtension vscode.json-language-features, startup: false, activationEvent: 'onLanguage:jsonc'
2024-10-19 22:48:09.689 [info] ExtensionService#_doActivateExtension vscode.typescript-language-features, startup: false, activationEvent: 'onLanguage:jsonc'
2024-10-19 23:11:00.789 [info] ExtensionService#_doActivateExtension vscode.extension-editing, startup: false, activationEvent: 'onLanguage:json'
2024-10-19 23:11:00.819 [info] ExtensionService#_doActivateExtension vscode.npm, startup: false, activationEvent: 'onLanguage:json'
2024-10-19 23:11:00.863 [info] Extension host terminating: renderer closed the MessagePort
2024-10-19 23:11:00.870 [info] Extension host with pid 6563 exiting with code 0
2024-10-19 23:11:01.322 [info] Extension host with pid 27506 started
2024-10-19 23:11:01.322 [info] Skipping acquiring lock for /home/incognito/.config/VSCodium/User/workspaceStorage/28f7d9a6e1672b620ac4d21a7789c1c6.
2024-10-19 23:11:01.330 [info] ExtensionService#_doActivateExtension vscode.media-preview, startup: false, activationEvent: 'onCustomEditor:imagePreview.previewEditor'
2024-10-19 23:11:01.337 [info] ExtensionService#_doActivateExtension vscode.emmet, startup: false, activationEvent: 'onLanguage'
2024-10-19 23:11:01.350 [info] ExtensionService#_doActivateExtension vscode.configuration-editing, startup: false, activationEvent: 'onLanguage:jsonc'
2024-10-19 23:11:01.361 [info] ExtensionService#_doActivateExtension vscode.json-language-features, startup: false, activationEvent: 'onLanguage:jsonc'
2024-10-19 23:11:01.417 [info] ExtensionService#_doActivateExtension vscode.typescript-language-features, startup: false, activationEvent: 'onLanguage:jsonc'
2024-10-19 23:11:01.472 [info] ExtensionService#_doActivateExtension vscode.extension-editing, startup: false, activationEvent: 'onLanguage:json'
2024-10-19 23:11:01.484 [info] ExtensionService#_doActivateExtension vscode.npm, startup: false, activationEvent: 'onLanguage:json'
2024-10-19 23:11:01.786 [info] ExtensionService#_doActivateExtension vscode.git-base, startup: true, activationEvent: '*', root cause: vscode.git
2024-10-19 23:11:01.790 [info] ExtensionService#_doActivateExtension vscode.git, startup: true, activationEvent: '*'
2024-10-19 23:11:01.853 [info] ExtensionService#_doActivateExtension vscode.github, startup: true, activationEvent: '*'
2024-10-19 23:11:01.913 [info] Eager extensions activated
2024-10-19 23:11:01.947 [info] ExtensionService#_doActivateExtension vscode.debug-auto-launch, startup: false, activationEvent: 'onStartupFinished'
2024-10-19 23:11:01.948 [info] ExtensionService#_doActivateExtension vscode.merge-conflict, startup: false, activationEvent: 'onStartupFinished'
2024-10-19 23:11:02.752 [info] Extension host terminating: renderer closed the MessagePort
2024-10-19 23:11:02.762 [info] Extension host with pid 27506 exiting with code 0
2024-10-19 23:11:03.253 [info] Extension host with pid 27602 started
2024-10-19 23:11:03.253 [info] Skipping acquiring lock for /home/incognito/.config/VSCodium/User/workspaceStorage/28f7d9a6e1672b620ac4d21a7789c1c6.
2024-10-19 23:11:03.261 [info] ExtensionService#_doActivateExtension vscode.media-preview, startup: false, activationEvent: 'onCustomEditor:imagePreview.previewEditor'
2024-10-19 23:11:03.267 [info] ExtensionService#_doActivateExtension vscode.emmet, startup: false, activationEvent: 'onLanguage'
2024-10-19 23:11:03.279 [info] ExtensionService#_doActivateExtension vscode.configuration-editing, startup: false, activationEvent: 'onLanguage:jsonc'
2024-10-19 23:11:03.289 [info] ExtensionService#_doActivateExtension vscode.json-language-features, startup: false, activationEvent: 'onLanguage:jsonc'
2024-10-19 23:11:03.343 [info] ExtensionService#_doActivateExtension vscode.typescript-language-features, startup: false, activationEvent: 'onLanguage:jsonc'
2024-10-19 23:11:03.396 [info] ExtensionService#_doActivateExtension vscode.extension-editing, startup: false, activationEvent: 'onLanguage:json'
2024-10-19 23:11:03.409 [info] ExtensionService#_doActivateExtension vscode.npm, startup: false, activationEvent: 'onLanguage:json'
2024-10-19 23:11:03.692 [info] ExtensionService#_doActivateExtension vscode.git-base, startup: true, activationEvent: '*', root cause: vscode.git
2024-10-19 23:11:03.700 [info] ExtensionService#_doActivateExtension vscode.git, startup: true, activationEvent: '*'
2024-10-19 23:11:03.766 [info] ExtensionService#_doActivateExtension vscode.github, startup: true, activationEvent: '*'
2024-10-19 23:11:03.823 [info] Eager extensions activated
2024-10-19 23:11:03.851 [info] ExtensionService#_doActivateExtension vscode.debug-auto-launch, startup: false, activationEvent: 'onStartupFinished'
2024-10-19 23:11:03.853 [info] ExtensionService#_doActivateExtension vscode.merge-conflict, startup: false, activationEvent: 'onStartupFinished'
2024-10-19 23:11:04.969 [info] Extension host terminating: renderer closed the MessagePort
2024-10-19 23:11:04.989 [info] Extension host with pid 27602 exiting with code 0
2024-10-19 23:11:05.466 [info] Extension host with pid 27685 started
2024-10-19 23:11:05.466 [info] Skipping acquiring lock for /home/incognito/.config/VSCodium/User/workspaceStorage/28f7d9a6e1672b620ac4d21a7789c1c6.
2024-10-19 23:11:05.477 [info] ExtensionService#_doActivateExtension vscode.media-preview, startup: false, activationEvent: 'onCustomEditor:imagePreview.previewEditor'
2024-10-19 23:11:05.483 [info] ExtensionService#_doActivateExtension vscode.emmet, startup: false, activationEvent: 'onLanguage'
2024-10-19 23:11:05.497 [info] ExtensionService#_doActivateExtension vscode.configuration-editing, startup: false, activationEvent: 'onLanguage:jsonc'
2024-10-19 23:11:05.508 [info] ExtensionService#_doActivateExtension vscode.json-language-features, startup: false, activationEvent: 'onLanguage:jsonc'
2024-10-19 23:11:05.562 [info] ExtensionService#_doActivateExtension vscode.typescript-language-features, startup: false, activationEvent: 'onLanguage:jsonc'
2024-10-19 23:11:05.609 [info] ExtensionService#_doActivateExtension vscode.extension-editing, startup: false, activationEvent: 'onLanguage:json'
2024-10-19 23:11:05.622 [info] ExtensionService#_doActivateExtension vscode.npm, startup: false, activationEvent: 'onLanguage:json'
2024-10-19 23:11:05.898 [info] ExtensionService#_doActivateExtension vscode.git-base, startup: true, activationEvent: '*', root cause: vscode.git
2024-10-19 23:11:05.905 [info] ExtensionService#_doActivateExtension vscode.git, startup: true, activationEvent: '*'
2024-10-19 23:11:05.982 [info] ExtensionService#_doActivateExtension vscode.github, startup: true, activationEvent: '*'
2024-10-19 23:11:06.036 [info] Eager extensions activated
2024-10-19 23:11:06.062 [info] ExtensionService#_doActivateExtension vscode.debug-auto-launch, startup: false, activationEvent: 'onStartupFinished'
2024-10-19 23:11:06.063 [info] ExtensionService#_doActivateExtension vscode.merge-conflict, startup: false, activationEvent: 'onStartupFinished'
2024-10-19 23:11:06.732 [info] Extension host terminating: renderer closed the MessagePort
2024-10-19 23:11:06.752 [info] Extension host with pid 27685 exiting with code 0
2024-10-19 23:11:07.209 [info] Extension host with pid 27728 started
2024-10-19 23:11:07.209 [info] Skipping acquiring lock for /home/incognito/.config/VSCodium/User/workspaceStorage/28f7d9a6e1672b620ac4d21a7789c1c6.
2024-10-19 23:11:07.219 [info] ExtensionService#_doActivateExtension vscode.media-preview, startup: false, activationEvent: 'onCustomEditor:imagePreview.previewEditor'
2024-10-19 23:11:07.225 [info] ExtensionService#_doActivateExtension vscode.emmet, startup: false, activationEvent: 'onLanguage'
2024-10-19 23:11:07.239 [info] ExtensionService#_doActivateExtension vscode.configuration-editing, startup: false, activationEvent: 'onLanguage:jsonc'
2024-10-19 23:11:07.250 [info] ExtensionService#_doActivateExtension vscode.json-language-features, startup: false, activationEvent: 'onLanguage:jsonc'
2024-10-19 23:11:07.303 [info] ExtensionService#_doActivateExtension vscode.typescript-language-features, startup: false, activationEvent: 'onLanguage:jsonc'
2024-10-19 23:11:07.352 [info] ExtensionService#_doActivateExtension vscode.extension-editing, startup: false, activationEvent: 'onLanguage:json'
2024-10-19 23:11:07.363 [info] ExtensionService#_doActivateExtension vscode.npm, startup: false, activationEvent: 'onLanguage:json'
2024-10-19 23:11:07.628 [info] ExtensionService#_doActivateExtension vscode.git-base, startup: true, activationEvent: '*', root cause: vscode.git
2024-10-19 23:11:07.631 [info] ExtensionService#_doActivateExtension vscode.git, startup: true, activationEvent: '*'
2024-10-19 23:11:07.693 [info] ExtensionService#_doActivateExtension vscode.github, startup: true, activationEvent: '*'
2024-10-19 23:11:07.754 [info] Eager extensions activated
2024-10-19 23:11:07.786 [info] ExtensionService#_doActivateExtension vscode.debug-auto-launch, startup: false, activationEvent: 'onStartupFinished'
2024-10-19 23:11:07.788 [info] ExtensionService#_doActivateExtension vscode.merge-conflict, startup: false, activationEvent: 'onStartupFinished'
2024-10-19 23:11:09.601 [info] ExtensionService#_doActivateExtension vscode.css-language-features, startup: false, activationEvent: 'onLanguage:css'
2024-10-19 23:17:29.282 [info] Extension host terminating: renderer closed the MessagePort
2024-10-19 23:17:29.304 [info] Extension host with pid 27728 exiting with code 0
2024-10-19 23:17:30.272 [info] Extension host with pid 29432 started
2024-10-19 23:17:30.272 [info] Skipping acquiring lock for /home/incognito/.config/VSCodium/User/workspaceStorage/bb365074e0f780254417a3d459516858.
2024-10-19 23:17:30.328 [info] ExtensionService#_doActivateExtension vscode.git-base, startup: true, activationEvent: '*', root cause: vscode.git
2024-10-19 23:17:30.370 [info] ExtensionService#_doActivateExtension vscode.git, startup: true, activationEvent: '*'
2024-10-19 23:17:30.453 [info] ExtensionService#_doActivateExtension vscode.github, startup: true, activationEvent: '*'
2024-10-19 23:17:30.521 [info] Eager extensions activated
2024-10-19 23:17:30.544 [info] ExtensionService#_doActivateExtension vscode.debug-auto-launch, startup: false, activationEvent: 'onStartupFinished'
2024-10-19 23:17:30.546 [info] ExtensionService#_doActivateExtension vscode.merge-conflict, startup: false, activationEvent: 'onStartupFinished'
2024-10-19 23:17:36.958 [info] ExtensionService#_doActivateExtension vscode.css-language-features, startup: false, activationEvent: 'onLanguage:css'
2024-10-19 23:17:37.015 [info] ExtensionService#_doActivateExtension vscode.emmet, startup: false, activationEvent: 'onLanguage'
2024-10-19 23:30:52.231 [info] Extension host terminating: renderer closed the MessagePort
2024-10-19 23:30:52.238 [info] Extension host with pid 29432 exiting with code 0
2024-10-19 23:30:52.859 [info] Extension host with pid 32521 started
2024-10-19 23:30:52.859 [info] Skipping acquiring lock for /home/incognito/.config/VSCodium/User/workspaceStorage/f493b5a7dd7552a5e989ef85fc638917.
2024-10-19 23:30:52.871 [info] ExtensionService#_doActivateExtension vscode.css-language-features, startup: false, activationEvent: 'onLanguage:css'
2024-10-19 23:30:52.905 [info] ExtensionService#_doActivateExtension vscode.emmet, startup: false, activationEvent: 'onLanguage'
2024-10-19 23:30:52.918 [info] ExtensionService#_doActivateExtension vscode.configuration-editing, startup: false, activationEvent: 'onLanguage:json'
2024-10-19 23:30:52.929 [info] ExtensionService#_doActivateExtension vscode.extension-editing, startup: false, activationEvent: 'onLanguage:json'
2024-10-19 23:30:52.940 [info] ExtensionService#_doActivateExtension vscode.json-language-features, startup: false, activationEvent: 'onLanguage:json'
2024-10-19 23:30:52.998 [info] ExtensionService#_doActivateExtension vscode.npm, startup: false, activationEvent: 'onLanguage:json'
2024-10-19 23:30:53.320 [info] ExtensionService#_doActivateExtension vscode.git-base, startup: true, activationEvent: '*', root cause: vscode.git
2024-10-19 23:30:53.324 [info] ExtensionService#_doActivateExtension vscode.git, startup: true, activationEvent: '*'
2024-10-19 23:30:53.389 [info] ExtensionService#_doActivateExtension vscode.github, startup: true, activationEvent: '*'
2024-10-19 23:30:53.446 [info] Eager extensions activated
2024-10-19 23:30:53.471 [info] ExtensionService#_doActivateExtension vscode.debug-auto-launch, startup: false, activationEvent: 'onStartupFinished'
2024-10-19 23:30:53.473 [info] ExtensionService#_doActivateExtension vscode.merge-conflict, startup: false, activationEvent: 'onStartupFinished'
2024-10-20 00:33:13.779 [info] Extension host terminating: renderer closed the MessagePort
2024-10-20 00:33:13.799 [info] Extension host with pid 32521 exiting with code 0
