2024-10-19 22:44:54.343 [info] Added views:outline in workbench.view.explorer
2024-10-19 22:44:54.343 [info] Added views:workbench.view.search in workbench.view.search
2024-10-19 22:44:54.343 [info] Added views:workbench.scm in workbench.view.scm
2024-10-19 22:44:54.343 [info] Added views:workbench.panel.markers.view in workbench.panel.markers
2024-10-19 22:44:54.343 [info] Added views:workbench.panel.output in workbench.panel.output
2024-10-19 22:44:54.343 [info] Added views:terminal in terminal
2024-10-19 22:44:54.343 [info] Added views:timeline in workbench.view.explorer
2024-10-19 22:44:54.343 [info] Added views:workbench.explorer.fileView in workbench.view.explorer
2024-10-19 22:44:55.015 [info] Added views:workbench.debug.welcome in workbench.view.debug
2024-10-19 22:44:55.056 [info] Added views:workbench.panel.repl.view in workbench.panel.repl
2024-10-19 22:44:55.372 [info] Added views:~remote.forwardedPorts in ~remote.forwardedPortsContainer
2024-10-19 23:11:01.015 [info] Removed views:workbench.panel.repl.view from workbench.panel.repl
2024-10-19 23:11:01.335 [info] Added views:workbench.panel.repl.view in workbench.panel.repl
2024-10-19 23:11:02.910 [info] Removed views:workbench.panel.repl.view from workbench.panel.repl
2024-10-19 23:11:03.264 [info] Added views:workbench.panel.repl.view in workbench.panel.repl
2024-10-19 23:11:05.131 [info] Removed views:workbench.panel.repl.view from workbench.panel.repl
2024-10-19 23:11:05.478 [info] Added views:workbench.panel.repl.view in workbench.panel.repl
2024-10-19 23:11:06.706 [info] Removed views:workbench.explorer.fileView from workbench.view.explorer
2024-10-19 23:11:06.719 [info] Added views:workbench.explorer.emptyView in workbench.view.explorer
2024-10-19 23:11:06.877 [info] Removed views:workbench.panel.repl.view from workbench.panel.repl
2024-10-19 23:11:07.223 [info] Added views:workbench.panel.repl.view in workbench.panel.repl
2024-10-19 23:17:29.744 [info] Added views:outline in workbench.view.explorer
2024-10-19 23:17:29.744 [info] Added views:workbench.view.search in workbench.view.search
2024-10-19 23:17:29.744 [info] Added views:workbench.scm in workbench.view.scm
2024-10-19 23:17:29.744 [info] Added views:workbench.panel.markers.view in workbench.panel.markers
2024-10-19 23:17:29.744 [info] Added views:workbench.panel.output in workbench.panel.output
2024-10-19 23:17:29.744 [info] Added views:terminal in terminal
2024-10-19 23:17:29.744 [info] Added views:timeline in workbench.view.explorer
2024-10-19 23:17:29.744 [info] Added views:workbench.explorer.fileView in workbench.view.explorer
2024-10-19 23:17:30.169 [info] Added views:workbench.debug.variablesView,workbench.debug.watchExpressionsView,workbench.debug.callStackView,workbench.debug.breakPointsView in workbench.view.debug
2024-10-19 23:17:30.286 [info] Added views:~remote.forwardedPorts in ~remote.forwardedPortsContainer
2024-10-19 23:17:30.316 [info] Added views:workbench.panel.repl.view in workbench.panel.repl
2024-10-19 23:17:30.318 [info] Removed views:workbench.debug.breakPointsView,workbench.debug.callStackView,workbench.debug.watchExpressionsView,workbench.debug.variablesView from workbench.view.debug
2024-10-19 23:17:30.318 [info] Added views:workbench.debug.welcome in workbench.view.debug
2024-10-19 23:30:52.527 [info] Removed views:workbench.panel.repl.view from workbench.panel.repl
2024-10-19 23:30:52.869 [info] Added views:workbench.panel.repl.view in workbench.panel.repl
