2024-10-19 17:51:46.068 [info] [main] Log level: Info
2024-10-19 17:51:46.068 [info] [main] Validating found git in: "git"
2024-10-19 17:51:46.068 [info] [main] Using git "2.47.0" from "git"
2024-10-19 17:51:46.068 [info] [Model][doInitialScan] Initial repository scan started
2024-10-19 17:51:46.068 [info] > git rev-parse --show-toplevel [5ms]
2024-10-19 17:51:46.068 [info] fatal: not a git repository (or any parent up to mount point /)
Stopping at filesystem boundary (GIT_DISCOVERY_ACROSS_FILESYSTEM not set).
2024-10-19 17:51:46.068 [info] > git rev-parse --show-toplevel [6ms]
2024-10-19 17:51:46.068 [info] fatal: not a git repository (or any parent up to mount point /)
Stopping at filesystem boundary (GIT_DISCOVERY_ACROSS_FILESYSTEM not set).
2024-10-19 17:51:46.070 [info] > git rev-parse --show-toplevel [3ms]
2024-10-19 17:51:46.070 [info] fatal: not a git repository (or any parent up to mount point /)
Stopping at filesystem boundary (GIT_DISCOVERY_ACROSS_FILESYSTEM not set).
2024-10-19 17:51:46.081 [info] > git rev-parse --show-toplevel [2ms]
2024-10-19 17:51:46.081 [info] fatal: not a git repository (or any parent up to mount point /)
Stopping at filesystem boundary (GIT_DISCOVERY_ACROSS_FILESYSTEM not set).
2024-10-19 17:51:46.091 [info] > git rev-parse --show-toplevel [2ms]
2024-10-19 17:51:46.091 [info] fatal: not a git repository (or any parent up to mount point /)
Stopping at filesystem boundary (GIT_DISCOVERY_ACROSS_FILESYSTEM not set).
2024-10-19 17:51:46.102 [info] > git rev-parse --show-toplevel [2ms]
2024-10-19 17:51:46.102 [info] fatal: not a git repository (or any parent up to mount point /)
Stopping at filesystem boundary (GIT_DISCOVERY_ACROSS_FILESYSTEM not set).
2024-10-19 17:51:46.112 [info] > git rev-parse --show-toplevel [2ms]
2024-10-19 17:51:46.112 [info] fatal: not a git repository (or any parent up to mount point /)
Stopping at filesystem boundary (GIT_DISCOVERY_ACROSS_FILESYSTEM not set).
2024-10-19 17:51:46.123 [info] > git rev-parse --show-toplevel [3ms]
2024-10-19 17:51:46.123 [info] fatal: not a git repository (or any parent up to mount point /)
Stopping at filesystem boundary (GIT_DISCOVERY_ACROSS_FILESYSTEM not set).
2024-10-19 17:51:46.133 [info] > git rev-parse --show-toplevel [2ms]
2024-10-19 17:51:46.133 [info] fatal: not a git repository (or any parent up to mount point /)
Stopping at filesystem boundary (GIT_DISCOVERY_ACROSS_FILESYSTEM not set).
2024-10-19 17:51:46.144 [info] > git rev-parse --show-toplevel [2ms]
2024-10-19 17:51:46.144 [info] fatal: not a git repository (or any parent up to mount point /)
Stopping at filesystem boundary (GIT_DISCOVERY_ACROSS_FILESYSTEM not set).
2024-10-19 17:51:46.154 [info] > git rev-parse --show-toplevel [2ms]
2024-10-19 17:51:46.154 [info] fatal: not a git repository (or any parent up to mount point /)
Stopping at filesystem boundary (GIT_DISCOVERY_ACROSS_FILESYSTEM not set).
2024-10-19 17:51:46.160 [info] > git rev-parse --show-toplevel [1ms]
2024-10-19 17:51:46.160 [info] fatal: not a git repository (or any parent up to mount point /)
Stopping at filesystem boundary (GIT_DISCOVERY_ACROSS_FILESYSTEM not set).
2024-10-19 17:51:46.167 [info] > git rev-parse --show-toplevel [1ms]
2024-10-19 17:51:46.167 [info] fatal: not a git repository (or any parent up to mount point /)
Stopping at filesystem boundary (GIT_DISCOVERY_ACROSS_FILESYSTEM not set).
2024-10-19 17:51:46.173 [info] > git rev-parse --show-toplevel [1ms]
2024-10-19 17:51:46.173 [info] fatal: not a git repository (or any parent up to mount point /)
Stopping at filesystem boundary (GIT_DISCOVERY_ACROSS_FILESYSTEM not set).
2024-10-19 17:51:46.180 [info] > git rev-parse --show-toplevel [1ms]
2024-10-19 17:51:46.180 [info] fatal: not a git repository (or any parent up to mount point /)
Stopping at filesystem boundary (GIT_DISCOVERY_ACROSS_FILESYSTEM not set).
2024-10-19 17:51:46.187 [info] > git rev-parse --show-toplevel [1ms]
2024-10-19 17:51:46.187 [info] fatal: not a git repository (or any parent up to mount point /)
Stopping at filesystem boundary (GIT_DISCOVERY_ACROSS_FILESYSTEM not set).
2024-10-19 17:51:46.194 [info] > git rev-parse --show-toplevel [1ms]
2024-10-19 17:51:46.194 [info] fatal: not a git repository (or any parent up to mount point /)
Stopping at filesystem boundary (GIT_DISCOVERY_ACROSS_FILESYSTEM not set).
2024-10-19 17:51:46.201 [info] > git rev-parse --show-toplevel [1ms]
2024-10-19 17:51:46.201 [info] fatal: not a git repository (or any parent up to mount point /)
Stopping at filesystem boundary (GIT_DISCOVERY_ACROSS_FILESYSTEM not set).
2024-10-19 17:51:46.207 [info] > git rev-parse --show-toplevel [1ms]
2024-10-19 17:51:46.207 [info] fatal: not a git repository (or any parent up to mount point /)
Stopping at filesystem boundary (GIT_DISCOVERY_ACROSS_FILESYSTEM not set).
2024-10-19 17:51:46.215 [info] > git rev-parse --show-toplevel [1ms]
2024-10-19 17:51:46.215 [info] fatal: not a git repository (or any parent up to mount point /)
Stopping at filesystem boundary (GIT_DISCOVERY_ACROSS_FILESYSTEM not set).
2024-10-19 17:51:46.221 [info] > git rev-parse --show-toplevel [1ms]
2024-10-19 17:51:46.221 [info] fatal: not a git repository (or any parent up to mount point /)
Stopping at filesystem boundary (GIT_DISCOVERY_ACROSS_FILESYSTEM not set).
2024-10-19 17:51:46.229 [info] > git rev-parse --show-toplevel [2ms]
2024-10-19 17:51:46.229 [info] fatal: not a git repository (or any parent up to mount point /)
Stopping at filesystem boundary (GIT_DISCOVERY_ACROSS_FILESYSTEM not set).
2024-10-19 17:51:46.235 [info] > git rev-parse --show-toplevel [1ms]
2024-10-19 17:51:46.235 [info] fatal: not a git repository (or any parent up to mount point /)
Stopping at filesystem boundary (GIT_DISCOVERY_ACROSS_FILESYSTEM not set).
2024-10-19 17:51:46.242 [info] > git rev-parse --show-toplevel [1ms]
2024-10-19 17:51:46.242 [info] fatal: not a git repository (or any parent up to mount point /)
Stopping at filesystem boundary (GIT_DISCOVERY_ACROSS_FILESYSTEM not set).
2024-10-19 17:51:46.249 [info] > git rev-parse --show-toplevel [1ms]
2024-10-19 17:51:46.249 [info] fatal: not a git repository (or any parent up to mount point /)
Stopping at filesystem boundary (GIT_DISCOVERY_ACROSS_FILESYSTEM not set).
2024-10-19 17:51:46.255 [info] > git rev-parse --show-toplevel [1ms]
2024-10-19 17:51:46.255 [info] fatal: not a git repository (or any parent up to mount point /)
Stopping at filesystem boundary (GIT_DISCOVERY_ACROSS_FILESYSTEM not set).
2024-10-19 17:51:46.262 [info] > git rev-parse --show-toplevel [1ms]
2024-10-19 17:51:46.262 [info] fatal: not a git repository (or any parent up to mount point /)
Stopping at filesystem boundary (GIT_DISCOVERY_ACROSS_FILESYSTEM not set).
2024-10-19 17:51:46.280 [info] > git rev-parse --show-toplevel [12ms]
2024-10-19 17:51:46.281 [info] fatal: not a git repository (or any parent up to mount point /)
Stopping at filesystem boundary (GIT_DISCOVERY_ACROSS_FILESYSTEM not set).
2024-10-19 17:51:46.281 [info] [Model][doInitialScan] Initial repository scan completed - repositories (0), closed repositories (0), parent repositories (0), unsafe repositories (0)
2024-10-19 17:51:46.289 [info] > git rev-parse --show-toplevel [1ms]
2024-10-19 17:51:46.289 [info] fatal: not a git repository (or any parent up to mount point /)
Stopping at filesystem boundary (GIT_DISCOVERY_ACROSS_FILESYSTEM not set).
2024-10-19 17:51:46.296 [info] > git rev-parse --show-toplevel [1ms]
2024-10-19 17:51:46.296 [info] fatal: not a git repository (or any parent up to mount point /)
Stopping at filesystem boundary (GIT_DISCOVERY_ACROSS_FILESYSTEM not set).
2024-10-19 17:51:46.303 [info] > git rev-parse --show-toplevel [2ms]
2024-10-19 17:51:46.303 [info] fatal: not a git repository (or any parent up to mount point /)
Stopping at filesystem boundary (GIT_DISCOVERY_ACROSS_FILESYSTEM not set).
2024-10-19 17:51:46.309 [info] > git rev-parse --show-toplevel [1ms]
2024-10-19 17:51:46.309 [info] fatal: not a git repository (or any parent up to mount point /)
Stopping at filesystem boundary (GIT_DISCOVERY_ACROSS_FILESYSTEM not set).
2024-10-19 17:51:46.954 [info] > git rev-parse --show-toplevel [1ms]
2024-10-19 17:51:46.954 [info] fatal: not a git repository (or any parent up to mount point /)
Stopping at filesystem boundary (GIT_DISCOVERY_ACROSS_FILESYSTEM not set).
2024-10-19 17:51:46.969 [info] > git rev-parse --show-toplevel [3ms]
2024-10-19 17:51:46.969 [info] fatal: not a git repository (or any parent up to mount point /)
Stopping at filesystem boundary (GIT_DISCOVERY_ACROSS_FILESYSTEM not set).
2024-10-19 17:51:46.980 [info] > git rev-parse --show-toplevel [1ms]
2024-10-19 17:51:46.980 [info] fatal: not a git repository (or any parent up to mount point /)
Stopping at filesystem boundary (GIT_DISCOVERY_ACROSS_FILESYSTEM not set).
2024-10-19 17:51:46.990 [info] > git rev-parse --show-toplevel [1ms]
2024-10-19 17:51:46.990 [info] fatal: not a git repository (or any parent up to mount point /)
Stopping at filesystem boundary (GIT_DISCOVERY_ACROSS_FILESYSTEM not set).
2024-10-19 17:52:16.242 [info] > git rev-parse --show-toplevel [3ms]
2024-10-19 17:52:16.242 [info] fatal: not a git repository (or any parent up to mount point /)
Stopping at filesystem boundary (GIT_DISCOVERY_ACROSS_FILESYSTEM not set).
2024-10-19 17:52:17.183 [info] > git rev-parse --show-toplevel [2ms]
2024-10-19 17:52:17.183 [info] fatal: not a git repository (or any parent up to mount point /)
Stopping at filesystem boundary (GIT_DISCOVERY_ACROSS_FILESYSTEM not set).
2024-10-19 17:53:40.086 [info] > git rev-parse --show-toplevel [4ms]
2024-10-19 17:53:40.086 [info] fatal: not a git repository (or any parent up to mount point /)
Stopping at filesystem boundary (GIT_DISCOVERY_ACROSS_FILESYSTEM not set).
2024-10-19 17:56:37.568 [info] > git rev-parse --show-toplevel [3ms]
2024-10-19 17:56:37.568 [info] fatal: not a git repository (or any parent up to mount point /)
Stopping at filesystem boundary (GIT_DISCOVERY_ACROSS_FILESYSTEM not set).
2024-10-19 17:56:59.317 [info] > git rev-parse --show-toplevel [3ms]
2024-10-19 17:56:59.317 [info] fatal: not a git repository (or any parent up to mount point /)
Stopping at filesystem boundary (GIT_DISCOVERY_ACROSS_FILESYSTEM not set).
2024-10-19 17:57:48.175 [info] > git rev-parse --show-toplevel [6ms]
2024-10-19 17:57:48.175 [info] fatal: not a git repository (or any parent up to mount point /)
Stopping at filesystem boundary (GIT_DISCOVERY_ACROSS_FILESYSTEM not set).
2024-10-19 17:57:53.394 [info] > git rev-parse --show-toplevel [5ms]
2024-10-19 17:57:53.394 [info] fatal: not a git repository (or any parent up to mount point /)
Stopping at filesystem boundary (GIT_DISCOVERY_ACROSS_FILESYSTEM not set).
2024-10-19 17:58:00.662 [info] > git rev-parse --show-toplevel [4ms]
2024-10-19 17:58:00.662 [info] fatal: not a git repository (or any parent up to mount point /)
Stopping at filesystem boundary (GIT_DISCOVERY_ACROSS_FILESYSTEM not set).
2024-10-19 17:58:06.700 [info] > git rev-parse --show-toplevel [3ms]
2024-10-19 17:58:06.700 [info] fatal: not a git repository (or any parent up to mount point /)
Stopping at filesystem boundary (GIT_DISCOVERY_ACROSS_FILESYSTEM not set).
2024-10-19 18:00:59.309 [info] > git rev-parse --show-toplevel [4ms]
2024-10-19 18:00:59.309 [info] fatal: not a git repository (or any parent up to mount point /)
Stopping at filesystem boundary (GIT_DISCOVERY_ACROSS_FILESYSTEM not set).
