2024-10-20 01:43:24.257 [info] [main] Log level: Info
2024-10-20 01:43:24.257 [info] [main] Validating found git in: "git"
2024-10-20 01:43:24.257 [info] [main] Using git "2.47.0" from "git"
2024-10-20 01:43:24.257 [info] [Model][doInitialScan] Initial repository scan started
2024-10-20 01:43:24.257 [warning] [Model][traverseWorkspaceFolder] Unable to read workspace folder '/home/incognito/.mozilla/firefox/y7tvmx18.default-release/chrome': Error: ENOENT: no such file or directory, scandir '/home/incognito/.mozilla/firefox/y7tvmx18.default-release/chrome'
2024-10-20 01:43:24.257 [warning] [Model][getRepositoryExact] Failed to get repository realpath for: "/home/incognito/.mozilla/firefox/y7tvmx18.default-release/chrome". Error:Error: ENOENT: no such file or directory, realpath '/home/incognito/.mozilla/firefox/y7tvmx18.default-release/chrome'
2024-10-20 01:43:24.257 [info] > git rev-parse --show-toplevel [30ms]
2024-10-20 01:43:24.257 [info] fatal: not a git repository (or any parent up to mount point /)
Stopping at filesystem boundary (GIT_DISCOVERY_ACROSS_FILESYSTEM not set).
2024-10-20 01:43:24.257 [info] > git rev-parse --show-toplevel [1ms]
2024-10-20 01:43:24.258 [info] fatal: not a git repository (or any parent up to mount point /)
Stopping at filesystem boundary (GIT_DISCOVERY_ACROSS_FILESYSTEM not set).
2024-10-20 01:43:24.258 [info] > git rev-parse --show-toplevel [1ms]
2024-10-20 01:43:24.258 [info] fatal: not a git repository (or any parent up to mount point /)
Stopping at filesystem boundary (GIT_DISCOVERY_ACROSS_FILESYSTEM not set).
2024-10-20 01:43:24.268 [info] > git rev-parse --show-toplevel [3ms]
2024-10-20 01:43:24.268 [info] fatal: not a git repository (or any parent up to mount point /)
Stopping at filesystem boundary (GIT_DISCOVERY_ACROSS_FILESYSTEM not set).
2024-10-20 01:43:24.279 [info] > git rev-parse --show-toplevel [2ms]
2024-10-20 01:43:24.279 [info] fatal: not a git repository (or any parent up to mount point /)
Stopping at filesystem boundary (GIT_DISCOVERY_ACROSS_FILESYSTEM not set).
2024-10-20 01:43:24.290 [info] > git rev-parse --show-toplevel [2ms]
2024-10-20 01:43:24.291 [info] fatal: not a git repository (or any parent up to mount point /)
Stopping at filesystem boundary (GIT_DISCOVERY_ACROSS_FILESYSTEM not set).
2024-10-20 01:43:24.301 [info] > git rev-parse --show-toplevel [3ms]
2024-10-20 01:43:24.301 [info] fatal: not a git repository (or any parent up to mount point /)
Stopping at filesystem boundary (GIT_DISCOVERY_ACROSS_FILESYSTEM not set).
2024-10-20 01:43:24.307 [info] > git rev-parse --show-toplevel [1ms]
2024-10-20 01:43:24.307 [info] fatal: not a git repository (or any parent up to mount point /)
Stopping at filesystem boundary (GIT_DISCOVERY_ACROSS_FILESYSTEM not set).
2024-10-20 01:43:24.314 [info] > git rev-parse --show-toplevel [1ms]
2024-10-20 01:43:24.314 [info] fatal: not a git repository (or any parent up to mount point /)
Stopping at filesystem boundary (GIT_DISCOVERY_ACROSS_FILESYSTEM not set).
2024-10-20 01:43:24.321 [info] > git rev-parse --show-toplevel [2ms]
2024-10-20 01:43:24.321 [info] fatal: not a git repository (or any parent up to mount point /)
Stopping at filesystem boundary (GIT_DISCOVERY_ACROSS_FILESYSTEM not set).
2024-10-20 01:43:24.331 [info] > git rev-parse --show-toplevel [2ms]
2024-10-20 01:43:24.331 [info] fatal: not a git repository (or any parent up to mount point /)
Stopping at filesystem boundary (GIT_DISCOVERY_ACROSS_FILESYSTEM not set).
2024-10-20 01:43:24.332 [info] [Model][doInitialScan] Initial repository scan completed - repositories (0), closed repositories (0), parent repositories (0), unsafe repositories (0)
2024-10-20 01:43:26.046 [warning] [Model][getRepositoryExact] Failed to get repository realpath for: "/home/incognito/.mozilla/firefox/y7tvmx18.default-release/chrome". Error:Error: ENOENT: no such file or directory, realpath '/home/incognito/.mozilla/firefox/y7tvmx18.default-release/chrome'
2024-10-20 01:43:26.068 [info] > git rev-parse --show-toplevel [2ms]
2024-10-20 01:43:26.068 [info] fatal: not a git repository (or any parent up to mount point /)
Stopping at filesystem boundary (GIT_DISCOVERY_ACROSS_FILESYSTEM not set).
2024-10-20 01:43:26.082 [info] > git rev-parse --show-toplevel [3ms]
2024-10-20 01:43:26.082 [info] fatal: not a git repository (or any parent up to mount point /)
Stopping at filesystem boundary (GIT_DISCOVERY_ACROSS_FILESYSTEM not set).
2024-10-20 01:43:51.671 [info] > git rev-parse --show-toplevel [2ms]
2024-10-20 01:43:51.671 [info] fatal: not a git repository (or any parent up to mount point /)
Stopping at filesystem boundary (GIT_DISCOVERY_ACROSS_FILESYSTEM not set).
