2024-10-20 01:14:14.438 [info] [main] Log level: Info
2024-10-20 01:14:14.438 [info] [main] Validating found git in: "git"
2024-10-20 01:14:14.438 [info] [main] Using git "2.47.0" from "git"
2024-10-20 01:14:14.438 [info] [Model][doInitialScan] Initial repository scan started
2024-10-20 01:14:14.438 [info] > git rev-parse --show-toplevel [2ms]
2024-10-20 01:14:14.438 [info] fatal: not a git repository (or any parent up to mount point /)
Stopping at filesystem boundary (GIT_DISCOVERY_ACROSS_FILESYSTEM not set).
2024-10-20 01:14:14.439 [info] > git rev-parse --show-toplevel [1ms]
2024-10-20 01:14:14.439 [info] fatal: not a git repository (or any parent up to mount point /)
Stopping at filesystem boundary (GIT_DISCOVERY_ACROSS_FILESYSTEM not set).
2024-10-20 01:14:14.448 [info] > git rev-parse --show-toplevel [3ms]
2024-10-20 01:14:14.448 [info] fatal: not a git repository (or any parent up to mount point /)
Stopping at filesystem boundary (GIT_DISCOVERY_ACROSS_FILESYSTEM not set).
2024-10-20 01:14:14.457 [info] > git rev-parse --show-toplevel [3ms]
2024-10-20 01:14:14.457 [info] fatal: not a git repository (or any parent up to mount point /)
Stopping at filesystem boundary (GIT_DISCOVERY_ACROSS_FILESYSTEM not set).
2024-10-20 01:14:14.467 [info] > git rev-parse --show-toplevel [2ms]
2024-10-20 01:14:14.467 [info] fatal: not a git repository (or any parent up to mount point /)
Stopping at filesystem boundary (GIT_DISCOVERY_ACROSS_FILESYSTEM not set).
2024-10-20 01:14:14.506 [info] > git rev-parse --show-toplevel [13ms]
2024-10-20 01:14:14.506 [info] fatal: not a git repository (or any parent up to mount point /)
Stopping at filesystem boundary (GIT_DISCOVERY_ACROSS_FILESYSTEM not set).
2024-10-20 01:14:14.506 [info] [Model][doInitialScan] Initial repository scan completed - repositories (0), closed repositories (0), parent repositories (0), unsafe repositories (0)
2024-10-20 01:14:15.751 [info] > git rev-parse --show-toplevel [2ms]
2024-10-20 01:14:15.751 [info] fatal: not a git repository (or any parent up to mount point /)
Stopping at filesystem boundary (GIT_DISCOVERY_ACROSS_FILESYSTEM not set).
2024-10-20 01:14:15.768 [info] > git rev-parse --show-toplevel [4ms]
2024-10-20 01:14:15.768 [info] fatal: not a git repository (or any parent up to mount point /)
Stopping at filesystem boundary (GIT_DISCOVERY_ACROSS_FILESYSTEM not set).
2024-10-20 01:14:35.518 [info] > git rev-parse --show-toplevel [3ms]
2024-10-20 01:14:35.518 [info] fatal: not a git repository (or any parent up to mount point /)
Stopping at filesystem boundary (GIT_DISCOVERY_ACROSS_FILESYSTEM not set).
2024-10-20 01:14:49.768 [info] > git rev-parse --show-toplevel [2ms]
2024-10-20 01:14:49.768 [info] fatal: not a git repository (or any parent up to mount point /)
Stopping at filesystem boundary (GIT_DISCOVERY_ACROSS_FILESYSTEM not set).
2024-10-20 01:14:56.094 [info] > git rev-parse --show-toplevel [1ms]
2024-10-20 01:14:56.094 [info] fatal: not a git repository (or any parent up to mount point /)
Stopping at filesystem boundary (GIT_DISCOVERY_ACROSS_FILESYSTEM not set).
2024-10-20 01:15:00.928 [info] > git rev-parse --show-toplevel [3ms]
2024-10-20 01:15:00.928 [info] fatal: not a git repository (or any parent up to mount point /)
Stopping at filesystem boundary (GIT_DISCOVERY_ACROSS_FILESYSTEM not set).
2024-10-20 01:15:05.974 [info] > git rev-parse --show-toplevel [3ms]
2024-10-20 01:15:05.974 [info] fatal: not a git repository (or any parent up to mount point /)
Stopping at filesystem boundary (GIT_DISCOVERY_ACROSS_FILESYSTEM not set).
2024-10-20 01:15:09.454 [info] > git rev-parse --show-toplevel [2ms]
2024-10-20 01:15:09.454 [info] fatal: not a git repository (or any parent up to mount point /)
Stopping at filesystem boundary (GIT_DISCOVERY_ACROSS_FILESYSTEM not set).
2024-10-20 01:15:12.992 [info] > git rev-parse --show-toplevel [2ms]
2024-10-20 01:15:12.992 [info] fatal: not a git repository (or any parent up to mount point /)
Stopping at filesystem boundary (GIT_DISCOVERY_ACROSS_FILESYSTEM not set).
2024-10-20 01:15:26.737 [info] > git rev-parse --show-toplevel [2ms]
2024-10-20 01:15:26.738 [info] fatal: not a git repository (or any parent up to mount point /)
Stopping at filesystem boundary (GIT_DISCOVERY_ACROSS_FILESYSTEM not set).
2024-10-20 01:15:31.807 [info] > git rev-parse --show-toplevel [3ms]
2024-10-20 01:15:31.807 [info] fatal: not a git repository (or any parent up to mount point /)
Stopping at filesystem boundary (GIT_DISCOVERY_ACROSS_FILESYSTEM not set).
2024-10-20 01:15:32.311 [info] > git rev-parse --show-toplevel [3ms]
2024-10-20 01:15:32.311 [info] fatal: not a git repository (or any parent up to mount point /)
Stopping at filesystem boundary (GIT_DISCOVERY_ACROSS_FILESYSTEM not set).
2024-10-20 01:15:32.833 [info] > git rev-parse --show-toplevel [3ms]
2024-10-20 01:15:32.833 [info] fatal: not a git repository (or any parent up to mount point /)
Stopping at filesystem boundary (GIT_DISCOVERY_ACROSS_FILESYSTEM not set).
2024-10-20 01:15:49.086 [info] > git rev-parse --show-toplevel [3ms]
2024-10-20 01:15:49.086 [info] fatal: not a git repository (or any parent up to mount point /)
Stopping at filesystem boundary (GIT_DISCOVERY_ACROSS_FILESYSTEM not set).
2024-10-20 01:15:51.589 [info] > git rev-parse --show-toplevel [2ms]
2024-10-20 01:15:51.589 [info] fatal: not a git repository (or any parent up to mount point /)
Stopping at filesystem boundary (GIT_DISCOVERY_ACROSS_FILESYSTEM not set).
2024-10-20 01:16:34.632 [info] > git rev-parse --show-toplevel [3ms]
2024-10-20 01:16:34.632 [info] fatal: not a git repository (or any parent up to mount point /)
Stopping at filesystem boundary (GIT_DISCOVERY_ACROSS_FILESYSTEM not set).
2024-10-20 01:17:13.112 [info] > git rev-parse --show-toplevel [1ms]
2024-10-20 01:17:13.112 [info] fatal: not a git repository (or any parent up to mount point /)
Stopping at filesystem boundary (GIT_DISCOVERY_ACROSS_FILESYSTEM not set).
2024-10-20 01:20:03.002 [info] > git rev-parse --show-toplevel [2ms]
2024-10-20 01:20:03.002 [info] fatal: not a git repository (or any parent up to mount point /)
Stopping at filesystem boundary (GIT_DISCOVERY_ACROSS_FILESYSTEM not set).
2024-10-20 01:20:03.667 [info] > git rev-parse --show-toplevel [3ms]
2024-10-20 01:20:03.667 [info] fatal: not a git repository (or any parent up to mount point /)
Stopping at filesystem boundary (GIT_DISCOVERY_ACROSS_FILESYSTEM not set).
2024-10-20 01:20:43.791 [info] > git rev-parse --show-toplevel [2ms]
2024-10-20 01:20:43.791 [info] fatal: not a git repository (or any parent up to mount point /)
Stopping at filesystem boundary (GIT_DISCOVERY_ACROSS_FILESYSTEM not set).
2024-10-20 01:20:45.311 [info] > git rev-parse --show-toplevel [3ms]
2024-10-20 01:20:45.312 [info] fatal: not a git repository (or any parent up to mount point /)
Stopping at filesystem boundary (GIT_DISCOVERY_ACROSS_FILESYSTEM not set).
2024-10-20 01:20:46.124 [info] > git rev-parse --show-toplevel [3ms]
2024-10-20 01:20:46.124 [info] fatal: not a git repository (or any parent up to mount point /)
Stopping at filesystem boundary (GIT_DISCOVERY_ACROSS_FILESYSTEM not set).
2024-10-20 01:21:59.986 [info] > git rev-parse --show-toplevel [3ms]
2024-10-20 01:21:59.986 [info] fatal: not a git repository (or any parent up to mount point /)
Stopping at filesystem boundary (GIT_DISCOVERY_ACROSS_FILESYSTEM not set).
2024-10-20 01:22:32.553 [info] > git rev-parse --show-toplevel [3ms]
2024-10-20 01:22:32.553 [info] fatal: not a git repository (or any parent up to mount point /)
Stopping at filesystem boundary (GIT_DISCOVERY_ACROSS_FILESYSTEM not set).
2024-10-20 01:23:02.929 [info] > git rev-parse --show-toplevel [3ms]
2024-10-20 01:23:02.929 [info] fatal: not a git repository (or any parent up to mount point /)
Stopping at filesystem boundary (GIT_DISCOVERY_ACROSS_FILESYSTEM not set).
2024-10-20 01:23:03.521 [info] > git rev-parse --show-toplevel [4ms]
2024-10-20 01:23:03.521 [info] fatal: not a git repository (or any parent up to mount point /)
Stopping at filesystem boundary (GIT_DISCOVERY_ACROSS_FILESYSTEM not set).
2024-10-20 01:23:09.737 [info] > git rev-parse --show-toplevel [1ms]
2024-10-20 01:23:09.737 [info] fatal: not a git repository (or any parent up to mount point /)
Stopping at filesystem boundary (GIT_DISCOVERY_ACROSS_FILESYSTEM not set).
2024-10-20 01:23:12.660 [info] > git rev-parse --show-toplevel [2ms]
2024-10-20 01:23:12.660 [info] fatal: not a git repository (or any parent up to mount point /)
Stopping at filesystem boundary (GIT_DISCOVERY_ACROSS_FILESYSTEM not set).
2024-10-20 01:23:13.636 [info] > git rev-parse --show-toplevel [3ms]
2024-10-20 01:23:13.636 [info] fatal: not a git repository (or any parent up to mount point /)
Stopping at filesystem boundary (GIT_DISCOVERY_ACROSS_FILESYSTEM not set).
2024-10-20 01:23:14.891 [info] > git rev-parse --show-toplevel [3ms]
2024-10-20 01:23:14.891 [info] fatal: not a git repository (or any parent up to mount point /)
Stopping at filesystem boundary (GIT_DISCOVERY_ACROSS_FILESYSTEM not set).
2024-10-20 01:23:18.590 [info] > git rev-parse --show-toplevel [3ms]
2024-10-20 01:23:18.590 [info] fatal: not a git repository (or any parent up to mount point /)
Stopping at filesystem boundary (GIT_DISCOVERY_ACROSS_FILESYSTEM not set).
2024-10-20 01:23:33.052 [info] > git rev-parse --show-toplevel [1ms]
2024-10-20 01:23:33.052 [info] fatal: not a git repository (or any parent up to mount point /)
Stopping at filesystem boundary (GIT_DISCOVERY_ACROSS_FILESYSTEM not set).
2024-10-20 01:25:31.802 [info] > git rev-parse --show-toplevel [2ms]
2024-10-20 01:25:31.802 [info] fatal: not a git repository (or any parent up to mount point /)
Stopping at filesystem boundary (GIT_DISCOVERY_ACROSS_FILESYSTEM not set).
2024-10-20 01:25:39.485 [info] > git rev-parse --show-toplevel [2ms]
2024-10-20 01:25:39.485 [info] fatal: not a git repository (or any parent up to mount point /)
Stopping at filesystem boundary (GIT_DISCOVERY_ACROSS_FILESYSTEM not set).
2024-10-20 01:25:58.799 [info] > git rev-parse --show-toplevel [4ms]
2024-10-20 01:25:58.799 [info] fatal: not a git repository (or any parent up to mount point /)
Stopping at filesystem boundary (GIT_DISCOVERY_ACROSS_FILESYSTEM not set).
2024-10-20 01:25:59.163 [info] > git rev-parse --show-toplevel [1ms]
2024-10-20 01:25:59.163 [info] fatal: not a git repository (or any parent up to mount point /)
Stopping at filesystem boundary (GIT_DISCOVERY_ACROSS_FILESYSTEM not set).
2024-10-20 01:26:03.088 [info] > git rev-parse --show-toplevel [3ms]
2024-10-20 01:26:03.088 [info] fatal: not a git repository (or any parent up to mount point /)
Stopping at filesystem boundary (GIT_DISCOVERY_ACROSS_FILESYSTEM not set).
2024-10-20 01:26:03.550 [info] > git rev-parse --show-toplevel [2ms]
2024-10-20 01:26:03.550 [info] fatal: not a git repository (or any parent up to mount point /)
Stopping at filesystem boundary (GIT_DISCOVERY_ACROSS_FILESYSTEM not set).
2024-10-20 01:26:31.391 [info] > git rev-parse --show-toplevel [2ms]
2024-10-20 01:26:31.391 [info] fatal: not a git repository (or any parent up to mount point /)
Stopping at filesystem boundary (GIT_DISCOVERY_ACROSS_FILESYSTEM not set).
2024-10-20 01:27:47.427 [info] > git rev-parse --show-toplevel [3ms]
2024-10-20 01:27:47.427 [info] fatal: not a git repository (or any parent up to mount point /)
Stopping at filesystem boundary (GIT_DISCOVERY_ACROSS_FILESYSTEM not set).
2024-10-20 01:30:03.771 [info] > git rev-parse --show-toplevel [5ms]
2024-10-20 01:30:03.771 [info] fatal: not a git repository (or any parent up to mount point /)
Stopping at filesystem boundary (GIT_DISCOVERY_ACROSS_FILESYSTEM not set).
2024-10-20 01:30:06.669 [info] > git rev-parse --show-toplevel [2ms]
2024-10-20 01:30:06.669 [info] fatal: not a git repository (or any parent up to mount point /)
Stopping at filesystem boundary (GIT_DISCOVERY_ACROSS_FILESYSTEM not set).
2024-10-20 01:30:07.105 [info] > git rev-parse --show-toplevel [3ms]
2024-10-20 01:30:07.105 [info] fatal: not a git repository (or any parent up to mount point /)
Stopping at filesystem boundary (GIT_DISCOVERY_ACROSS_FILESYSTEM not set).
