2024-10-19 17:27:26.890 [info] Started local extension host with pid 1464.
2024-10-19 17:27:50.381 [info] [perf] Render performance baseline is 31ms
2024-10-19 17:33:20.978 [error] Error: ENOENT: no such file or directory, stat '/home/incognito/.config/usr/share/wlogout/icons/lock.png': EntryNotFound (FileSystemError): Error: ENOENT: no such file or directory, stat '/home/incognito/.config/usr/share/wlogout/icons/lock.png'
	at ds._handleError (file:///opt/vscodium-bin/resources/app/out/vs/workbench/api/node/extensionHostProcess.js:114:11056)
	at Object.stat (file:///opt/vscodium-bin/resources/app/out/vs/workbench/api/node/extensionHostProcess.js:114:8731)
2024-10-19 17:33:22.125 [error] Error: The editor could not be opened because the file was not found.
    at kme.handleSetInputError (vscode-file://vscode-app/opt/vscodium-bin/resources/app/out/vs/workbench/workbench.desktop.main.js:2068:35937)
    at async kme.setInput (vscode-file://vscode-app/opt/vscodium-bin/resources/app/out/vs/workbench/workbench.desktop.main.js:2068:34949)
    at async PHe.doSetInput (vscode-file://vscode-app/opt/vscodium-bin/resources/app/out/vs/workbench/workbench.desktop.main.js:667:113886)
    at async PHe.doOpenEditor (vscode-file://vscode-app/opt/vscodium-bin/resources/app/out/vs/workbench/workbench.desktop.main.js:667:111640)
    at async PHe.openEditor (vscode-file://vscode-app/opt/vscodium-bin/resources/app/out/vs/workbench/workbench.desktop.main.js:667:110567)
    at async vscode-file://vscode-app/opt/vscodium-bin/resources/app/out/vs/workbench/workbench.desktop.main.js:779:31988
    at async vscode-file://vscode-app/opt/vscodium-bin/resources/app/out/vs/workbench/workbench.desktop.main.js:516:31657
2024-10-19 17:35:44.900 [error] Error: ENOENT: no such file or directory, stat '/home/incognito/.config/usr/local/share/wlogout/icons/lock.png': EntryNotFound (FileSystemError): Error: ENOENT: no such file or directory, stat '/home/incognito/.config/usr/local/share/wlogout/icons/lock.png'
	at ds._handleError (file:///opt/vscodium-bin/resources/app/out/vs/workbench/api/node/extensionHostProcess.js:114:11056)
	at Object.stat (file:///opt/vscodium-bin/resources/app/out/vs/workbench/api/node/extensionHostProcess.js:114:8731)
2024-10-19 17:35:47.186 [error] Error: ENOENT: no such file or directory, stat '/home/incognito/.config/usr/share/wlogout/icons/lock.png': EntryNotFound (FileSystemError): Error: ENOENT: no such file or directory, stat '/home/incognito/.config/usr/share/wlogout/icons/lock.png'
	at ds._handleError (file:///opt/vscodium-bin/resources/app/out/vs/workbench/api/node/extensionHostProcess.js:114:11056)
	at Object.stat (file:///opt/vscodium-bin/resources/app/out/vs/workbench/api/node/extensionHostProcess.js:114:8731)
2024-10-19 17:35:47.767 [error] Unable to resolve nonexistent file '/home/incognito/.config/usr/share/wlogout': Error: Unable to resolve nonexistent file '/home/incognito/.config/usr/share/wlogout'
    at qit.resolve (vscode-file://vscode-app/opt/vscodium-bin/resources/app/out/vs/workbench/workbench.desktop.main.js:3072:91659)
    at async BHe.getChildren (vscode-file://vscode-app/opt/vscodium-bin/resources/app/out/vs/workbench/workbench.desktop.main.js:671:13851)
    at async vscode-file://vscode-app/opt/vscodium-bin/resources/app/out/vs/workbench/workbench.desktop.main.js:405:41345
2024-10-19 17:35:49.492 [error] Unable to resolve nonexistent file '/home/incognito/.config/usr/share/wlogout': Error: Unable to resolve nonexistent file '/home/incognito/.config/usr/share/wlogout'
    at qit.resolve (vscode-file://vscode-app/opt/vscodium-bin/resources/app/out/vs/workbench/workbench.desktop.main.js:3072:91659)
    at async BHe.getChildren (vscode-file://vscode-app/opt/vscodium-bin/resources/app/out/vs/workbench/workbench.desktop.main.js:671:13851)
    at async vscode-file://vscode-app/opt/vscodium-bin/resources/app/out/vs/workbench/workbench.desktop.main.js:405:41345
