2024-10-19 17:51:45.183 [info] Extension host with pid 19339 started
2024-10-19 17:51:45.183 [info] Skipping acquiring lock for /home/incognito/.config/VSCodium/User/workspaceStorage/28f7d9a6e1672b620ac4d21a7789c1c6.
2024-10-19 17:51:45.347 [info] ExtensionService#_doActivateExtension vscode.emmet, startup: false, activationEvent: 'onLanguage'
2024-10-19 17:51:45.378 [info] ExtensionService#_doActivateExtension vscode.css-language-features, startup: false, activationEvent: 'onLanguage:css'
2024-10-19 17:51:45.857 [info] ExtensionService#_doActivateExtension vscode.git-base, startup: true, activationEvent: '*', root cause: vscode.git
2024-10-19 17:51:45.866 [info] ExtensionService#_doActivateExtension vscode.git, startup: true, activationEvent: '*'
2024-10-19 17:51:45.939 [info] ExtensionService#_doActivateExtension vscode.github, startup: true, activationEvent: '*'
2024-10-19 17:51:46.002 [info] Eager extensions activated
2024-10-19 17:51:46.023 [info] ExtensionService#_doActivateExtension vscode.debug-auto-launch, startup: false, activationEvent: 'onStartupFinished'
2024-10-19 17:51:46.025 [info] ExtensionService#_doActivateExtension vscode.merge-conflict, startup: false, activationEvent: 'onStartupFinished'
2024-10-19 17:52:17.245 [info] ExtensionService#_doActivateExtension vscode.configuration-editing, startup: false, activationEvent: 'onLanguage:json'
2024-10-19 17:52:17.256 [info] ExtensionService#_doActivateExtension vscode.extension-editing, startup: false, activationEvent: 'onLanguage:json'
2024-10-19 17:52:17.271 [info] ExtensionService#_doActivateExtension vscode.json-language-features, startup: false, activationEvent: 'onLanguage:json'
2024-10-19 17:52:17.322 [info] ExtensionService#_doActivateExtension vscode.npm, startup: false, activationEvent: 'onLanguage:json'
2024-10-19 17:56:58.134 [info] ExtensionService#_doActivateExtension vscode.media-preview, startup: false, activationEvent: 'onCustomEditor:imagePreview.previewEditor'
2024-10-19 17:56:59.161 [error] EntryNotFound (FileSystemError): Error: ENOENT: no such file or directory, stat '/home/incognito/.config/Images/Reboot.png'
	at ds._handleError (file:///opt/vscodium-bin/resources/app/out/vs/workbench/api/node/extensionHostProcess.js:114:11056)
	at Object.stat (file:///opt/vscodium-bin/resources/app/out/vs/workbench/api/node/extensionHostProcess.js:114:8731)
2024-10-19 17:57:48.384 [error] EntryNotFound (FileSystemError): Error: ENOENT: no such file or directory, stat '/home/incognito/.config/Images/Reboot.png'
	at ds._handleError (file:///opt/vscodium-bin/resources/app/out/vs/workbench/api/node/extensionHostProcess.js:114:11056)
	at Object.stat (file:///opt/vscodium-bin/resources/app/out/vs/workbench/api/node/extensionHostProcess.js:114:8731)
2024-10-19 17:57:50.222 [error] EntryNotFound (FileSystemError): Error: ENOENT: no such file or directory, stat '/home/incognito/.config/Images/Reboot.png'
	at ds._handleError (file:///opt/vscodium-bin/resources/app/out/vs/workbench/api/node/extensionHostProcess.js:114:11056)
	at Object.stat (file:///opt/vscodium-bin/resources/app/out/vs/workbench/api/node/extensionHostProcess.js:114:8731)
