2024-10-19 22:43:46.230 [info] [main] Log level: Info
2024-10-19 22:43:46.230 [info] [main] Validating found git in: "git"
2024-10-19 22:43:46.230 [info] [main] Using git "2.47.0" from "git"
2024-10-19 22:43:46.230 [info] [Model][doInitialScan] Initial repository scan started
2024-10-19 22:43:46.230 [info] > git rev-parse --show-toplevel [7ms]
2024-10-19 22:43:46.230 [info] fatal: not a git repository (or any parent up to mount point /)
Stopping at filesystem boundary (GIT_DISCOVERY_ACROSS_FILESYSTEM not set).
2024-10-19 22:43:46.230 [info] > git rev-parse --show-toplevel [11ms]
2024-10-19 22:43:46.230 [info] fatal: not a git repository (or any parent up to mount point /)
Stopping at filesystem boundary (GIT_DISCOVERY_ACROSS_FILESYSTEM not set).
2024-10-19 22:43:46.231 [info] > git rev-parse --show-toplevel [1ms]
2024-10-19 22:43:46.231 [info] fatal: not a git repository (or any parent up to mount point /)
Stopping at filesystem boundary (GIT_DISCOVERY_ACROSS_FILESYSTEM not set).
2024-10-19 22:43:46.238 [info] > git rev-parse --show-toplevel [1ms]
2024-10-19 22:43:46.238 [info] fatal: not a git repository (or any parent up to mount point /)
Stopping at filesystem boundary (GIT_DISCOVERY_ACROSS_FILESYSTEM not set).
2024-10-19 22:43:46.249 [info] > git rev-parse --show-toplevel [2ms]
2024-10-19 22:43:46.249 [info] fatal: not a git repository (or any parent up to mount point /)
Stopping at filesystem boundary (GIT_DISCOVERY_ACROSS_FILESYSTEM not set).
2024-10-19 22:43:46.258 [info] > git rev-parse --show-toplevel [2ms]
2024-10-19 22:43:46.258 [info] fatal: not a git repository (or any parent up to mount point /)
Stopping at filesystem boundary (GIT_DISCOVERY_ACROSS_FILESYSTEM not set).
2024-10-19 22:43:46.266 [info] > git rev-parse --show-toplevel [2ms]
2024-10-19 22:43:46.266 [info] fatal: not a git repository (or any parent up to mount point /)
Stopping at filesystem boundary (GIT_DISCOVERY_ACROSS_FILESYSTEM not set).
2024-10-19 22:43:46.273 [info] > git rev-parse --show-toplevel [1ms]
2024-10-19 22:43:46.273 [info] fatal: not a git repository (or any parent up to mount point /)
Stopping at filesystem boundary (GIT_DISCOVERY_ACROSS_FILESYSTEM not set).
2024-10-19 22:43:46.281 [info] > git rev-parse --show-toplevel [1ms]
2024-10-19 22:43:46.281 [info] fatal: not a git repository (or any parent up to mount point /)
Stopping at filesystem boundary (GIT_DISCOVERY_ACROSS_FILESYSTEM not set).
2024-10-19 22:43:46.288 [info] > git rev-parse --show-toplevel [1ms]
2024-10-19 22:43:46.288 [info] fatal: not a git repository (or any parent up to mount point /)
Stopping at filesystem boundary (GIT_DISCOVERY_ACROSS_FILESYSTEM not set).
2024-10-19 22:43:46.295 [info] > git rev-parse --show-toplevel [2ms]
2024-10-19 22:43:46.295 [info] fatal: not a git repository (or any parent up to mount point /)
Stopping at filesystem boundary (GIT_DISCOVERY_ACROSS_FILESYSTEM not set).
2024-10-19 22:43:46.302 [info] > git rev-parse --show-toplevel [1ms]
2024-10-19 22:43:46.302 [info] fatal: not a git repository (or any parent up to mount point /)
Stopping at filesystem boundary (GIT_DISCOVERY_ACROSS_FILESYSTEM not set).
2024-10-19 22:43:46.311 [info] > git rev-parse --show-toplevel [1ms]
2024-10-19 22:43:46.311 [info] fatal: not a git repository (or any parent up to mount point /)
Stopping at filesystem boundary (GIT_DISCOVERY_ACROSS_FILESYSTEM not set).
2024-10-19 22:43:46.319 [info] > git rev-parse --show-toplevel [1ms]
2024-10-19 22:43:46.319 [info] fatal: not a git repository (or any parent up to mount point /)
Stopping at filesystem boundary (GIT_DISCOVERY_ACROSS_FILESYSTEM not set).
2024-10-19 22:43:46.327 [info] > git rev-parse --show-toplevel [1ms]
2024-10-19 22:43:46.327 [info] fatal: not a git repository (or any parent up to mount point /)
Stopping at filesystem boundary (GIT_DISCOVERY_ACROSS_FILESYSTEM not set).
2024-10-19 22:43:46.335 [info] > git rev-parse --show-toplevel [2ms]
2024-10-19 22:43:46.335 [info] fatal: not a git repository (or any parent up to mount point /)
Stopping at filesystem boundary (GIT_DISCOVERY_ACROSS_FILESYSTEM not set).
2024-10-19 22:43:46.342 [info] > git rev-parse --show-toplevel [1ms]
2024-10-19 22:43:46.342 [info] fatal: not a git repository (or any parent up to mount point /)
Stopping at filesystem boundary (GIT_DISCOVERY_ACROSS_FILESYSTEM not set).
2024-10-19 22:43:46.350 [info] > git rev-parse --show-toplevel [1ms]
2024-10-19 22:43:46.350 [info] fatal: not a git repository (or any parent up to mount point /)
Stopping at filesystem boundary (GIT_DISCOVERY_ACROSS_FILESYSTEM not set).
2024-10-19 22:43:46.358 [info] > git rev-parse --show-toplevel [1ms]
2024-10-19 22:43:46.358 [info] fatal: not a git repository (or any parent up to mount point /)
Stopping at filesystem boundary (GIT_DISCOVERY_ACROSS_FILESYSTEM not set).
2024-10-19 22:43:46.366 [info] > git rev-parse --show-toplevel [1ms]
2024-10-19 22:43:46.366 [info] fatal: not a git repository (or any parent up to mount point /)
Stopping at filesystem boundary (GIT_DISCOVERY_ACROSS_FILESYSTEM not set).
2024-10-19 22:43:46.373 [info] > git rev-parse --show-toplevel [1ms]
2024-10-19 22:43:46.374 [info] fatal: not a git repository (or any parent up to mount point /)
Stopping at filesystem boundary (GIT_DISCOVERY_ACROSS_FILESYSTEM not set).
2024-10-19 22:43:46.381 [info] > git rev-parse --show-toplevel [1ms]
2024-10-19 22:43:46.381 [info] fatal: not a git repository (or any parent up to mount point /)
Stopping at filesystem boundary (GIT_DISCOVERY_ACROSS_FILESYSTEM not set).
2024-10-19 22:43:46.390 [info] > git rev-parse --show-toplevel [1ms]
2024-10-19 22:43:46.390 [info] fatal: not a git repository (or any parent up to mount point /)
Stopping at filesystem boundary (GIT_DISCOVERY_ACROSS_FILESYSTEM not set).
2024-10-19 22:43:46.398 [info] > git rev-parse --show-toplevel [1ms]
2024-10-19 22:43:46.398 [info] fatal: not a git repository (or any parent up to mount point /)
Stopping at filesystem boundary (GIT_DISCOVERY_ACROSS_FILESYSTEM not set).
2024-10-19 22:43:46.406 [info] > git rev-parse --show-toplevel [1ms]
2024-10-19 22:43:46.406 [info] fatal: not a git repository (or any parent up to mount point /)
Stopping at filesystem boundary (GIT_DISCOVERY_ACROSS_FILESYSTEM not set).
2024-10-19 22:43:46.414 [info] > git rev-parse --show-toplevel [2ms]
2024-10-19 22:43:46.414 [info] fatal: not a git repository (or any parent up to mount point /)
Stopping at filesystem boundary (GIT_DISCOVERY_ACROSS_FILESYSTEM not set).
2024-10-19 22:43:46.422 [info] > git rev-parse --show-toplevel [1ms]
2024-10-19 22:43:46.422 [info] fatal: not a git repository (or any parent up to mount point /)
Stopping at filesystem boundary (GIT_DISCOVERY_ACROSS_FILESYSTEM not set).
2024-10-19 22:43:46.431 [info] > git rev-parse --show-toplevel [2ms]
2024-10-19 22:43:46.431 [info] fatal: not a git repository (or any parent up to mount point /)
Stopping at filesystem boundary (GIT_DISCOVERY_ACROSS_FILESYSTEM not set).
2024-10-19 22:43:46.438 [info] > git rev-parse --show-toplevel [1ms]
2024-10-19 22:43:46.438 [info] fatal: not a git repository (or any parent up to mount point /)
Stopping at filesystem boundary (GIT_DISCOVERY_ACROSS_FILESYSTEM not set).
2024-10-19 22:43:46.446 [info] > git rev-parse --show-toplevel [1ms]
2024-10-19 22:43:46.447 [info] fatal: not a git repository (or any parent up to mount point /)
Stopping at filesystem boundary (GIT_DISCOVERY_ACROSS_FILESYSTEM not set).
2024-10-19 22:43:46.455 [info] > git rev-parse --show-toplevel [2ms]
2024-10-19 22:43:46.455 [info] fatal: not a git repository (or any parent up to mount point /)
Stopping at filesystem boundary (GIT_DISCOVERY_ACROSS_FILESYSTEM not set).
2024-10-19 22:43:46.462 [info] > git rev-parse --show-toplevel [1ms]
2024-10-19 22:43:46.462 [info] fatal: not a git repository (or any parent up to mount point /)
Stopping at filesystem boundary (GIT_DISCOVERY_ACROSS_FILESYSTEM not set).
2024-10-19 22:43:46.463 [info] [Model][doInitialScan] Initial repository scan completed - repositories (0), closed repositories (0), parent repositories (0), unsafe repositories (0)
2024-10-19 22:43:46.695 [info] > git rev-parse --show-toplevel [2ms]
2024-10-19 22:43:46.695 [info] fatal: not a git repository (or any parent up to mount point /)
Stopping at filesystem boundary (GIT_DISCOVERY_ACROSS_FILESYSTEM not set).
2024-10-19 22:43:46.707 [info] > git rev-parse --show-toplevel [1ms]
2024-10-19 22:43:46.707 [info] fatal: not a git repository (or any parent up to mount point /)
Stopping at filesystem boundary (GIT_DISCOVERY_ACROSS_FILESYSTEM not set).
2024-10-19 22:43:46.716 [info] > git rev-parse --show-toplevel [1ms]
2024-10-19 22:43:46.716 [info] fatal: not a git repository (or any parent up to mount point /)
Stopping at filesystem boundary (GIT_DISCOVERY_ACROSS_FILESYSTEM not set).
2024-10-19 22:43:46.725 [info] > git rev-parse --show-toplevel [1ms]
2024-10-19 22:43:46.725 [info] fatal: not a git repository (or any parent up to mount point /)
Stopping at filesystem boundary (GIT_DISCOVERY_ACROSS_FILESYSTEM not set).
2024-10-19 22:43:47.053 [info] > git rev-parse --show-toplevel [1ms]
2024-10-19 22:43:47.053 [info] fatal: not a git repository (or any parent up to mount point /)
Stopping at filesystem boundary (GIT_DISCOVERY_ACROSS_FILESYSTEM not set).
2024-10-19 22:43:47.060 [info] > git rev-parse --show-toplevel [1ms]
2024-10-19 22:43:47.060 [info] fatal: not a git repository (or any parent up to mount point /)
Stopping at filesystem boundary (GIT_DISCOVERY_ACROSS_FILESYSTEM not set).
2024-10-19 22:43:47.066 [info] > git rev-parse --show-toplevel [1ms]
2024-10-19 22:43:47.066 [info] fatal: not a git repository (or any parent up to mount point /)
Stopping at filesystem boundary (GIT_DISCOVERY_ACROSS_FILESYSTEM not set).
2024-10-19 22:43:47.075 [info] > git rev-parse --show-toplevel [3ms]
2024-10-19 22:43:47.075 [info] fatal: not a git repository (or any parent up to mount point /)
Stopping at filesystem boundary (GIT_DISCOVERY_ACROSS_FILESYSTEM not set).
2024-10-19 22:43:47.140 [info] > git rev-parse --show-toplevel [1ms]
2024-10-19 22:43:47.140 [info] fatal: not a git repository (or any parent up to mount point /)
Stopping at filesystem boundary (GIT_DISCOVERY_ACROSS_FILESYSTEM not set).
2024-10-19 22:43:47.147 [info] > git rev-parse --show-toplevel [1ms]
2024-10-19 22:43:47.147 [info] fatal: not a git repository (or any parent up to mount point /)
Stopping at filesystem boundary (GIT_DISCOVERY_ACROSS_FILESYSTEM not set).
2024-10-19 22:43:47.154 [info] > git rev-parse --show-toplevel [1ms]
2024-10-19 22:43:47.154 [info] fatal: not a git repository (or any parent up to mount point /)
Stopping at filesystem boundary (GIT_DISCOVERY_ACROSS_FILESYSTEM not set).
2024-10-19 22:43:47.161 [info] > git rev-parse --show-toplevel [2ms]
2024-10-19 22:43:47.161 [info] fatal: not a git repository (or any parent up to mount point /)
Stopping at filesystem boundary (GIT_DISCOVERY_ACROSS_FILESYSTEM not set).
2024-10-19 22:43:47.174 [info] > git rev-parse --show-toplevel [1ms]
2024-10-19 22:43:47.175 [info] fatal: not a git repository (or any parent up to mount point /)
Stopping at filesystem boundary (GIT_DISCOVERY_ACROSS_FILESYSTEM not set).
2024-10-19 22:43:47.182 [info] > git rev-parse --show-toplevel [2ms]
2024-10-19 22:43:47.182 [info] fatal: not a git repository (or any parent up to mount point /)
Stopping at filesystem boundary (GIT_DISCOVERY_ACROSS_FILESYSTEM not set).
2024-10-19 22:43:47.191 [info] > git rev-parse --show-toplevel [2ms]
2024-10-19 22:43:47.191 [info] fatal: not a git repository (or any parent up to mount point /)
Stopping at filesystem boundary (GIT_DISCOVERY_ACROSS_FILESYSTEM not set).
2024-10-19 22:43:47.198 [info] > git rev-parse --show-toplevel [1ms]
2024-10-19 22:43:47.198 [info] fatal: not a git repository (or any parent up to mount point /)
Stopping at filesystem boundary (GIT_DISCOVERY_ACROSS_FILESYSTEM not set).
2024-10-19 22:43:47.289 [info] > git rev-parse --show-toplevel [1ms]
2024-10-19 22:43:47.289 [info] fatal: not a git repository (or any parent up to mount point /)
Stopping at filesystem boundary (GIT_DISCOVERY_ACROSS_FILESYSTEM not set).
2024-10-19 22:43:47.297 [info] > git rev-parse --show-toplevel [2ms]
2024-10-19 22:43:47.297 [info] fatal: not a git repository (or any parent up to mount point /)
Stopping at filesystem boundary (GIT_DISCOVERY_ACROSS_FILESYSTEM not set).
2024-10-19 22:43:47.303 [info] > git rev-parse --show-toplevel [1ms]
2024-10-19 22:43:47.303 [info] fatal: not a git repository (or any parent up to mount point /)
Stopping at filesystem boundary (GIT_DISCOVERY_ACROSS_FILESYSTEM not set).
2024-10-19 22:43:47.310 [info] > git rev-parse --show-toplevel [2ms]
2024-10-19 22:43:47.310 [info] fatal: not a git repository (or any parent up to mount point /)
Stopping at filesystem boundary (GIT_DISCOVERY_ACROSS_FILESYSTEM not set).
2024-10-19 22:43:59.274 [info] > git rev-parse --show-toplevel [3ms]
2024-10-19 22:43:59.274 [info] fatal: not a git repository (or any parent up to mount point /)
Stopping at filesystem boundary (GIT_DISCOVERY_ACROSS_FILESYSTEM not set).
2024-10-19 22:44:12.095 [info] > git rev-parse --show-toplevel [1ms]
2024-10-19 22:44:12.095 [info] fatal: not a git repository (or any parent up to mount point /)
Stopping at filesystem boundary (GIT_DISCOVERY_ACROSS_FILESYSTEM not set).
2024-10-19 22:44:13.069 [info] > git rev-parse --show-toplevel [3ms]
2024-10-19 22:44:13.069 [info] fatal: not a git repository (or any parent up to mount point /)
Stopping at filesystem boundary (GIT_DISCOVERY_ACROSS_FILESYSTEM not set).
