2024-10-19 18:19:06.041 [info] [main] Log level: Info
2024-10-19 18:19:06.041 [info] [main] Validating found git in: "git"
2024-10-19 18:19:06.041 [info] [main] Using git "2.47.0" from "git"
2024-10-19 18:19:06.041 [info] [Model][doInitialScan] Initial repository scan started
2024-10-19 18:19:06.041 [info] > git rev-parse --show-toplevel [2ms]
2024-10-19 18:19:06.041 [info] fatal: not a git repository (or any parent up to mount point /)
Stopping at filesystem boundary (GIT_DISCOVERY_ACROSS_FILESYSTEM not set).
2024-10-19 18:19:06.041 [info] > git rev-parse --show-toplevel [2ms]
2024-10-19 18:19:06.041 [info] fatal: not a git repository (or any parent up to mount point /)
Stopping at filesystem boundary (GIT_DISCOVERY_ACROSS_FILESYSTEM not set).
2024-10-19 18:19:06.050 [info] > git rev-parse --show-toplevel [2ms]
2024-10-19 18:19:06.050 [info] fatal: not a git repository (or any parent up to mount point /)
Stopping at filesystem boundary (GIT_DISCOVERY_ACROSS_FILESYSTEM not set).
2024-10-19 18:19:06.068 [info] > git rev-parse --show-toplevel [5ms]
2024-10-19 18:19:06.068 [info] fatal: not a git repository (or any parent up to mount point /)
Stopping at filesystem boundary (GIT_DISCOVERY_ACROSS_FILESYSTEM not set).
2024-10-19 18:19:06.082 [info] > git rev-parse --show-toplevel [3ms]
2024-10-19 18:19:06.082 [info] fatal: not a git repository (or any parent up to mount point /)
Stopping at filesystem boundary (GIT_DISCOVERY_ACROSS_FILESYSTEM not set).
2024-10-19 18:19:06.119 [info] > git rev-parse --show-toplevel [8ms]
2024-10-19 18:19:06.119 [info] fatal: not a git repository (or any parent up to mount point /)
Stopping at filesystem boundary (GIT_DISCOVERY_ACROSS_FILESYSTEM not set).
2024-10-19 18:19:06.127 [info] > git rev-parse --show-toplevel [2ms]
2024-10-19 18:19:06.127 [info] fatal: not a git repository (or any parent up to mount point /)
Stopping at filesystem boundary (GIT_DISCOVERY_ACROSS_FILESYSTEM not set).
2024-10-19 18:19:06.135 [info] > git rev-parse --show-toplevel [2ms]
2024-10-19 18:19:06.135 [info] fatal: not a git repository (or any parent up to mount point /)
Stopping at filesystem boundary (GIT_DISCOVERY_ACROSS_FILESYSTEM not set).
2024-10-19 18:19:06.143 [info] > git rev-parse --show-toplevel [1ms]
2024-10-19 18:19:06.143 [info] fatal: not a git repository (or any parent up to mount point /)
Stopping at filesystem boundary (GIT_DISCOVERY_ACROSS_FILESYSTEM not set).
2024-10-19 18:19:06.150 [info] > git rev-parse --show-toplevel [2ms]
2024-10-19 18:19:06.150 [info] fatal: not a git repository (or any parent up to mount point /)
Stopping at filesystem boundary (GIT_DISCOVERY_ACROSS_FILESYSTEM not set).
2024-10-19 18:19:06.157 [info] > git rev-parse --show-toplevel [1ms]
2024-10-19 18:19:06.157 [info] fatal: not a git repository (or any parent up to mount point /)
Stopping at filesystem boundary (GIT_DISCOVERY_ACROSS_FILESYSTEM not set).
2024-10-19 18:19:06.165 [info] > git rev-parse --show-toplevel [1ms]
2024-10-19 18:19:06.165 [info] fatal: not a git repository (or any parent up to mount point /)
Stopping at filesystem boundary (GIT_DISCOVERY_ACROSS_FILESYSTEM not set).
2024-10-19 18:19:06.173 [info] > git rev-parse --show-toplevel [1ms]
2024-10-19 18:19:06.173 [info] fatal: not a git repository (or any parent up to mount point /)
Stopping at filesystem boundary (GIT_DISCOVERY_ACROSS_FILESYSTEM not set).
2024-10-19 18:19:06.189 [info] > git rev-parse --show-toplevel [9ms]
2024-10-19 18:19:06.189 [info] fatal: not a git repository (or any parent up to mount point /)
Stopping at filesystem boundary (GIT_DISCOVERY_ACROSS_FILESYSTEM not set).
2024-10-19 18:19:06.199 [info] > git rev-parse --show-toplevel [2ms]
2024-10-19 18:19:06.199 [info] fatal: not a git repository (or any parent up to mount point /)
Stopping at filesystem boundary (GIT_DISCOVERY_ACROSS_FILESYSTEM not set).
2024-10-19 18:19:06.213 [info] > git rev-parse --show-toplevel [2ms]
2024-10-19 18:19:06.213 [info] fatal: not a git repository (or any parent up to mount point /)
Stopping at filesystem boundary (GIT_DISCOVERY_ACROSS_FILESYSTEM not set).
2024-10-19 18:19:06.222 [info] > git rev-parse --show-toplevel [2ms]
2024-10-19 18:19:06.222 [info] fatal: not a git repository (or any parent up to mount point /)
Stopping at filesystem boundary (GIT_DISCOVERY_ACROSS_FILESYSTEM not set).
2024-10-19 18:19:06.232 [info] > git rev-parse --show-toplevel [1ms]
2024-10-19 18:19:06.232 [info] fatal: not a git repository (or any parent up to mount point /)
Stopping at filesystem boundary (GIT_DISCOVERY_ACROSS_FILESYSTEM not set).
2024-10-19 18:19:06.241 [info] > git rev-parse --show-toplevel [1ms]
2024-10-19 18:19:06.241 [info] fatal: not a git repository (or any parent up to mount point /)
Stopping at filesystem boundary (GIT_DISCOVERY_ACROSS_FILESYSTEM not set).
2024-10-19 18:19:06.252 [info] > git rev-parse --show-toplevel [3ms]
2024-10-19 18:19:06.252 [info] fatal: not a git repository (or any parent up to mount point /)
Stopping at filesystem boundary (GIT_DISCOVERY_ACROSS_FILESYSTEM not set).
2024-10-19 18:19:06.259 [info] > git rev-parse --show-toplevel [1ms]
2024-10-19 18:19:06.260 [info] fatal: not a git repository (or any parent up to mount point /)
Stopping at filesystem boundary (GIT_DISCOVERY_ACROSS_FILESYSTEM not set).
2024-10-19 18:19:06.268 [info] > git rev-parse --show-toplevel [1ms]
2024-10-19 18:19:06.268 [info] fatal: not a git repository (or any parent up to mount point /)
Stopping at filesystem boundary (GIT_DISCOVERY_ACROSS_FILESYSTEM not set).
2024-10-19 18:19:06.276 [info] > git rev-parse --show-toplevel [1ms]
2024-10-19 18:19:06.276 [info] fatal: not a git repository (or any parent up to mount point /)
Stopping at filesystem boundary (GIT_DISCOVERY_ACROSS_FILESYSTEM not set).
2024-10-19 18:19:06.285 [info] > git rev-parse --show-toplevel [2ms]
2024-10-19 18:19:06.285 [info] fatal: not a git repository (or any parent up to mount point /)
Stopping at filesystem boundary (GIT_DISCOVERY_ACROSS_FILESYSTEM not set).
2024-10-19 18:19:06.293 [info] > git rev-parse --show-toplevel [1ms]
2024-10-19 18:19:06.293 [info] fatal: not a git repository (or any parent up to mount point /)
Stopping at filesystem boundary (GIT_DISCOVERY_ACROSS_FILESYSTEM not set).
2024-10-19 18:19:06.301 [info] > git rev-parse --show-toplevel [2ms]
2024-10-19 18:19:06.301 [info] fatal: not a git repository (or any parent up to mount point /)
Stopping at filesystem boundary (GIT_DISCOVERY_ACROSS_FILESYSTEM not set).
2024-10-19 18:19:06.309 [info] > git rev-parse --show-toplevel [2ms]
2024-10-19 18:19:06.309 [info] fatal: not a git repository (or any parent up to mount point /)
Stopping at filesystem boundary (GIT_DISCOVERY_ACROSS_FILESYSTEM not set).
2024-10-19 18:19:06.317 [info] > git rev-parse --show-toplevel [1ms]
2024-10-19 18:19:06.317 [info] fatal: not a git repository (or any parent up to mount point /)
Stopping at filesystem boundary (GIT_DISCOVERY_ACROSS_FILESYSTEM not set).
2024-10-19 18:19:06.325 [info] > git rev-parse --show-toplevel [1ms]
2024-10-19 18:19:06.325 [info] fatal: not a git repository (or any parent up to mount point /)
Stopping at filesystem boundary (GIT_DISCOVERY_ACROSS_FILESYSTEM not set).
2024-10-19 18:19:06.332 [info] > git rev-parse --show-toplevel [1ms]
2024-10-19 18:19:06.332 [info] fatal: not a git repository (or any parent up to mount point /)
Stopping at filesystem boundary (GIT_DISCOVERY_ACROSS_FILESYSTEM not set).
2024-10-19 18:19:06.350 [info] > git rev-parse --show-toplevel [11ms]
2024-10-19 18:19:06.350 [info] fatal: not a git repository (or any parent up to mount point /)
Stopping at filesystem boundary (GIT_DISCOVERY_ACROSS_FILESYSTEM not set).
2024-10-19 18:19:06.360 [info] > git rev-parse --show-toplevel [2ms]
2024-10-19 18:19:06.360 [info] fatal: not a git repository (or any parent up to mount point /)
Stopping at filesystem boundary (GIT_DISCOVERY_ACROSS_FILESYSTEM not set).
2024-10-19 18:19:06.368 [info] > git rev-parse --show-toplevel [1ms]
2024-10-19 18:19:06.368 [info] fatal: not a git repository (or any parent up to mount point /)
Stopping at filesystem boundary (GIT_DISCOVERY_ACROSS_FILESYSTEM not set).
2024-10-19 18:19:06.368 [info] [Model][doInitialScan] Initial repository scan completed - repositories (0), closed repositories (0), parent repositories (0), unsafe repositories (0)
2024-10-19 18:19:06.375 [info] > git rev-parse --show-toplevel [1ms]
2024-10-19 18:19:06.375 [info] fatal: not a git repository (or any parent up to mount point /)
Stopping at filesystem boundary (GIT_DISCOVERY_ACROSS_FILESYSTEM not set).
2024-10-19 18:19:06.382 [info] > git rev-parse --show-toplevel [1ms]
2024-10-19 18:19:06.382 [info] fatal: not a git repository (or any parent up to mount point /)
Stopping at filesystem boundary (GIT_DISCOVERY_ACROSS_FILESYSTEM not set).
2024-10-19 18:19:06.390 [info] > git rev-parse --show-toplevel [1ms]
2024-10-19 18:19:06.390 [info] fatal: not a git repository (or any parent up to mount point /)
Stopping at filesystem boundary (GIT_DISCOVERY_ACROSS_FILESYSTEM not set).
2024-10-19 18:19:06.397 [info] > git rev-parse --show-toplevel [1ms]
2024-10-19 18:19:06.397 [info] fatal: not a git repository (or any parent up to mount point /)
Stopping at filesystem boundary (GIT_DISCOVERY_ACROSS_FILESYSTEM not set).
2024-10-19 18:19:06.405 [info] > git rev-parse --show-toplevel [2ms]
2024-10-19 18:19:06.405 [info] fatal: not a git repository (or any parent up to mount point /)
Stopping at filesystem boundary (GIT_DISCOVERY_ACROSS_FILESYSTEM not set).
2024-10-19 18:19:06.412 [info] > git rev-parse --show-toplevel [1ms]
2024-10-19 18:19:06.412 [info] fatal: not a git repository (or any parent up to mount point /)
Stopping at filesystem boundary (GIT_DISCOVERY_ACROSS_FILESYSTEM not set).
2024-10-19 18:19:06.421 [info] > git rev-parse --show-toplevel [1ms]
2024-10-19 18:19:06.421 [info] fatal: not a git repository (or any parent up to mount point /)
Stopping at filesystem boundary (GIT_DISCOVERY_ACROSS_FILESYSTEM not set).
2024-10-19 18:19:06.429 [info] > git rev-parse --show-toplevel [1ms]
2024-10-19 18:19:06.429 [info] fatal: not a git repository (or any parent up to mount point /)
Stopping at filesystem boundary (GIT_DISCOVERY_ACROSS_FILESYSTEM not set).
2024-10-19 18:19:06.438 [info] > git rev-parse --show-toplevel [1ms]
2024-10-19 18:19:06.438 [info] fatal: not a git repository (or any parent up to mount point /)
Stopping at filesystem boundary (GIT_DISCOVERY_ACROSS_FILESYSTEM not set).
2024-10-19 18:19:06.445 [info] > git rev-parse --show-toplevel [1ms]
2024-10-19 18:19:06.445 [info] fatal: not a git repository (or any parent up to mount point /)
Stopping at filesystem boundary (GIT_DISCOVERY_ACROSS_FILESYSTEM not set).
2024-10-19 18:19:06.455 [info] > git rev-parse --show-toplevel [1ms]
2024-10-19 18:19:06.455 [info] fatal: not a git repository (or any parent up to mount point /)
Stopping at filesystem boundary (GIT_DISCOVERY_ACROSS_FILESYSTEM not set).
2024-10-19 18:19:06.465 [info] > git rev-parse --show-toplevel [1ms]
2024-10-19 18:19:06.465 [info] fatal: not a git repository (or any parent up to mount point /)
Stopping at filesystem boundary (GIT_DISCOVERY_ACROSS_FILESYSTEM not set).
2024-10-19 18:19:29.804 [info] > git rev-parse --show-toplevel [1ms]
2024-10-19 18:19:29.804 [info] fatal: not a git repository (or any parent up to mount point /)
Stopping at filesystem boundary (GIT_DISCOVERY_ACROSS_FILESYSTEM not set).
2024-10-19 18:19:29.811 [info] > git rev-parse --show-toplevel [1ms]
2024-10-19 18:19:29.811 [info] fatal: not a git repository (or any parent up to mount point /)
Stopping at filesystem boundary (GIT_DISCOVERY_ACROSS_FILESYSTEM not set).
2024-10-19 18:19:29.817 [info] > git rev-parse --show-toplevel [1ms]
2024-10-19 18:19:29.817 [info] fatal: not a git repository (or any parent up to mount point /)
Stopping at filesystem boundary (GIT_DISCOVERY_ACROSS_FILESYSTEM not set).
2024-10-19 18:19:29.824 [info] > git rev-parse --show-toplevel [1ms]
2024-10-19 18:19:29.824 [info] fatal: not a git repository (or any parent up to mount point /)
Stopping at filesystem boundary (GIT_DISCOVERY_ACROSS_FILESYSTEM not set).
2024-10-19 18:23:44.550 [info] > git rev-parse --show-toplevel [2ms]
2024-10-19 18:23:44.550 [info] fatal: not a git repository (or any parent up to mount point /)
Stopping at filesystem boundary (GIT_DISCOVERY_ACROSS_FILESYSTEM not set).
2024-10-19 18:23:45.007 [info] > git rev-parse --show-toplevel [3ms]
2024-10-19 18:23:45.007 [info] fatal: not a git repository (or any parent up to mount point /)
Stopping at filesystem boundary (GIT_DISCOVERY_ACROSS_FILESYSTEM not set).
2024-10-19 18:23:46.884 [info] > git rev-parse --show-toplevel [2ms]
2024-10-19 18:23:46.884 [info] fatal: not a git repository (or any parent up to mount point /)
Stopping at filesystem boundary (GIT_DISCOVERY_ACROSS_FILESYSTEM not set).
2024-10-19 18:24:19.272 [info] > git rev-parse --show-toplevel [4ms]
2024-10-19 18:24:19.272 [info] fatal: not a git repository (or any parent up to mount point /)
Stopping at filesystem boundary (GIT_DISCOVERY_ACROSS_FILESYSTEM not set).
2024-10-19 18:27:38.265 [info] > git rev-parse --show-toplevel [2ms]
2024-10-19 18:27:38.265 [info] fatal: not a git repository (or any parent up to mount point /)
Stopping at filesystem boundary (GIT_DISCOVERY_ACROSS_FILESYSTEM not set).
2024-10-19 18:27:51.692 [info] > git rev-parse --show-toplevel [3ms]
2024-10-19 18:27:51.692 [info] fatal: not a git repository (or any parent up to mount point /)
Stopping at filesystem boundary (GIT_DISCOVERY_ACROSS_FILESYSTEM not set).
2024-10-19 18:28:04.084 [info] > git rev-parse --show-toplevel [4ms]
2024-10-19 18:28:04.084 [info] fatal: not a git repository (or any parent up to mount point /)
Stopping at filesystem boundary (GIT_DISCOVERY_ACROSS_FILESYSTEM not set).
2024-10-19 18:28:14.231 [info] > git rev-parse --show-toplevel [2ms]
2024-10-19 18:28:14.231 [info] fatal: not a git repository (or any parent up to mount point /)
Stopping at filesystem boundary (GIT_DISCOVERY_ACROSS_FILESYSTEM not set).
2024-10-19 18:28:15.225 [info] > git rev-parse --show-toplevel [2ms]
2024-10-19 18:28:15.225 [info] fatal: not a git repository (or any parent up to mount point /)
Stopping at filesystem boundary (GIT_DISCOVERY_ACROSS_FILESYSTEM not set).
2024-10-19 18:28:24.686 [info] > git rev-parse --show-toplevel [2ms]
2024-10-19 18:28:24.686 [info] fatal: not a git repository (or any parent up to mount point /)
Stopping at filesystem boundary (GIT_DISCOVERY_ACROSS_FILESYSTEM not set).
2024-10-19 18:28:36.317 [info] > git rev-parse --show-toplevel [2ms]
2024-10-19 18:28:36.317 [info] fatal: not a git repository (or any parent up to mount point /)
Stopping at filesystem boundary (GIT_DISCOVERY_ACROSS_FILESYSTEM not set).
2024-10-19 18:28:42.378 [info] > git rev-parse --show-toplevel [2ms]
2024-10-19 18:28:42.378 [info] fatal: not a git repository (or any parent up to mount point /)
Stopping at filesystem boundary (GIT_DISCOVERY_ACROSS_FILESYSTEM not set).
2024-10-19 18:31:05.315 [info] > git rev-parse --show-toplevel [3ms]
2024-10-19 18:31:05.315 [info] fatal: not a git repository (or any parent up to mount point /)
Stopping at filesystem boundary (GIT_DISCOVERY_ACROSS_FILESYSTEM not set).
2024-10-19 18:31:11.220 [info] > git rev-parse --show-toplevel [2ms]
2024-10-19 18:31:11.220 [info] fatal: not a git repository (or any parent up to mount point /)
Stopping at filesystem boundary (GIT_DISCOVERY_ACROSS_FILESYSTEM not set).
2024-10-19 18:31:54.529 [info] > git rev-parse --show-toplevel [3ms]
2024-10-19 18:31:54.529 [info] fatal: not a git repository (or any parent up to mount point /)
Stopping at filesystem boundary (GIT_DISCOVERY_ACROSS_FILESYSTEM not set).
2024-10-19 18:34:25.001 [info] > git rev-parse --show-toplevel [1ms]
2024-10-19 18:34:25.001 [info] fatal: not a git repository (or any parent up to mount point /)
Stopping at filesystem boundary (GIT_DISCOVERY_ACROSS_FILESYSTEM not set).
2024-10-19 18:45:37.990 [info] > git rev-parse --show-toplevel [2ms]
2024-10-19 18:45:37.990 [info] fatal: not a git repository (or any parent up to mount point /)
Stopping at filesystem boundary (GIT_DISCOVERY_ACROSS_FILESYSTEM not set).
2024-10-19 18:45:38.283 [info] > git rev-parse --show-toplevel [3ms]
2024-10-19 18:45:38.283 [info] fatal: not a git repository (or any parent up to mount point /)
Stopping at filesystem boundary (GIT_DISCOVERY_ACROSS_FILESYSTEM not set).
2024-10-19 18:45:40.863 [info] > git rev-parse --show-toplevel [2ms]
2024-10-19 18:45:40.863 [info] fatal: not a git repository (or any parent up to mount point /)
Stopping at filesystem boundary (GIT_DISCOVERY_ACROSS_FILESYSTEM not set).
2024-10-19 18:46:26.640 [info] > git rev-parse --show-toplevel [3ms]
2024-10-19 18:46:26.640 [info] fatal: not a git repository (or any parent up to mount point /)
Stopping at filesystem boundary (GIT_DISCOVERY_ACROSS_FILESYSTEM not set).
2024-10-19 18:46:47.798 [info] > git rev-parse --show-toplevel [3ms]
2024-10-19 18:46:47.798 [info] fatal: not a git repository (or any parent up to mount point /)
Stopping at filesystem boundary (GIT_DISCOVERY_ACROSS_FILESYSTEM not set).
2024-10-19 18:46:50.618 [info] > git rev-parse --show-toplevel [3ms]
2024-10-19 18:46:50.618 [info] fatal: not a git repository (or any parent up to mount point /)
Stopping at filesystem boundary (GIT_DISCOVERY_ACROSS_FILESYSTEM not set).
2024-10-19 18:47:25.827 [info] > git rev-parse --show-toplevel [2ms]
2024-10-19 18:47:25.827 [info] fatal: not a git repository (or any parent up to mount point /)
Stopping at filesystem boundary (GIT_DISCOVERY_ACROSS_FILESYSTEM not set).
2024-10-19 18:47:27.213 [info] > git rev-parse --show-toplevel [3ms]
2024-10-19 18:47:27.214 [info] fatal: not a git repository (or any parent up to mount point /)
Stopping at filesystem boundary (GIT_DISCOVERY_ACROSS_FILESYSTEM not set).
2024-10-19 18:48:14.661 [info] > git rev-parse --show-toplevel [3ms]
2024-10-19 18:48:14.661 [info] fatal: not a git repository (or any parent up to mount point /)
Stopping at filesystem boundary (GIT_DISCOVERY_ACROSS_FILESYSTEM not set).
2024-10-19 18:48:16.538 [info] > git rev-parse --show-toplevel [3ms]
2024-10-19 18:48:16.538 [info] fatal: not a git repository (or any parent up to mount point /)
Stopping at filesystem boundary (GIT_DISCOVERY_ACROSS_FILESYSTEM not set).
2024-10-19 18:48:16.913 [info] > git rev-parse --show-toplevel [2ms]
2024-10-19 18:48:16.913 [info] fatal: not a git repository (or any parent up to mount point /)
Stopping at filesystem boundary (GIT_DISCOVERY_ACROSS_FILESYSTEM not set).
2024-10-19 18:48:17.118 [info] > git rev-parse --show-toplevel [2ms]
2024-10-19 18:48:17.118 [info] fatal: not a git repository (or any parent up to mount point /)
Stopping at filesystem boundary (GIT_DISCOVERY_ACROSS_FILESYSTEM not set).
2024-10-19 18:48:17.268 [info] > git rev-parse --show-toplevel [1ms]
2024-10-19 18:48:17.268 [info] fatal: not a git repository (or any parent up to mount point /)
Stopping at filesystem boundary (GIT_DISCOVERY_ACROSS_FILESYSTEM not set).
2024-10-19 18:48:17.755 [info] > git rev-parse --show-toplevel [4ms]
2024-10-19 18:48:17.755 [info] fatal: not a git repository (or any parent up to mount point /)
Stopping at filesystem boundary (GIT_DISCOVERY_ACROSS_FILESYSTEM not set).
2024-10-19 18:48:17.966 [info] > git rev-parse --show-toplevel [2ms]
2024-10-19 18:48:17.966 [info] fatal: not a git repository (or any parent up to mount point /)
Stopping at filesystem boundary (GIT_DISCOVERY_ACROSS_FILESYSTEM not set).
2024-10-19 18:48:18.115 [info] > git rev-parse --show-toplevel [1ms]
2024-10-19 18:48:18.115 [info] fatal: not a git repository (or any parent up to mount point /)
Stopping at filesystem boundary (GIT_DISCOVERY_ACROSS_FILESYSTEM not set).
2024-10-19 18:48:23.772 [info] > git rev-parse --show-toplevel [3ms]
2024-10-19 18:48:23.772 [info] fatal: not a git repository (or any parent up to mount point /)
Stopping at filesystem boundary (GIT_DISCOVERY_ACROSS_FILESYSTEM not set).
2024-10-19 18:48:49.016 [info] > git rev-parse --show-toplevel [2ms]
2024-10-19 18:48:49.016 [info] fatal: not a git repository (or any parent up to mount point /)
Stopping at filesystem boundary (GIT_DISCOVERY_ACROSS_FILESYSTEM not set).
2024-10-19 18:49:13.931 [info] > git rev-parse --show-toplevel [4ms]
2024-10-19 18:49:13.931 [info] fatal: not a git repository (or any parent up to mount point /)
Stopping at filesystem boundary (GIT_DISCOVERY_ACROSS_FILESYSTEM not set).
2024-10-19 18:50:37.089 [info] > git rev-parse --show-toplevel [2ms]
2024-10-19 18:50:37.089 [info] fatal: not a git repository (or any parent up to mount point /)
Stopping at filesystem boundary (GIT_DISCOVERY_ACROSS_FILESYSTEM not set).
2024-10-19 18:50:37.384 [info] > git rev-parse --show-toplevel [1ms]
2024-10-19 18:50:37.384 [info] fatal: not a git repository (or any parent up to mount point /)
Stopping at filesystem boundary (GIT_DISCOVERY_ACROSS_FILESYSTEM not set).
2024-10-19 18:50:53.699 [info] > git rev-parse --show-toplevel [2ms]
2024-10-19 18:50:53.699 [info] fatal: not a git repository (or any parent up to mount point /)
Stopping at filesystem boundary (GIT_DISCOVERY_ACROSS_FILESYSTEM not set).
2024-10-19 18:51:06.659 [info] > git rev-parse --show-toplevel [1ms]
2024-10-19 18:51:06.659 [info] fatal: not a git repository (or any parent up to mount point /)
Stopping at filesystem boundary (GIT_DISCOVERY_ACROSS_FILESYSTEM not set).
2024-10-19 18:51:08.930 [info] > git rev-parse --show-toplevel [1ms]
2024-10-19 18:51:08.930 [info] fatal: not a git repository (or any parent up to mount point /)
Stopping at filesystem boundary (GIT_DISCOVERY_ACROSS_FILESYSTEM not set).
2024-10-19 18:51:09.189 [info] > git rev-parse --show-toplevel [2ms]
2024-10-19 18:51:09.189 [info] fatal: not a git repository (or any parent up to mount point /)
Stopping at filesystem boundary (GIT_DISCOVERY_ACROSS_FILESYSTEM not set).
2024-10-19 18:53:12.218 [info] > git rev-parse --show-toplevel [2ms]
2024-10-19 18:53:12.218 [info] fatal: not a git repository (or any parent up to mount point /)
Stopping at filesystem boundary (GIT_DISCOVERY_ACROSS_FILESYSTEM not set).
2024-10-19 18:53:13.092 [info] > git rev-parse --show-toplevel [2ms]
2024-10-19 18:53:13.092 [info] fatal: not a git repository (or any parent up to mount point /)
Stopping at filesystem boundary (GIT_DISCOVERY_ACROSS_FILESYSTEM not set).
2024-10-19 18:55:53.114 [info] > git rev-parse --show-toplevel [2ms]
2024-10-19 18:55:53.114 [info] fatal: not a git repository (or any parent up to mount point /)
Stopping at filesystem boundary (GIT_DISCOVERY_ACROSS_FILESYSTEM not set).
2024-10-19 18:55:54.246 [info] > git rev-parse --show-toplevel [3ms]
2024-10-19 18:55:54.246 [info] fatal: not a git repository (or any parent up to mount point /)
Stopping at filesystem boundary (GIT_DISCOVERY_ACROSS_FILESYSTEM not set).
2024-10-19 18:55:55.833 [info] > git rev-parse --show-toplevel [3ms]
2024-10-19 18:55:55.833 [info] fatal: not a git repository (or any parent up to mount point /)
Stopping at filesystem boundary (GIT_DISCOVERY_ACROSS_FILESYSTEM not set).
2024-10-19 18:56:02.135 [info] > git rev-parse --show-toplevel [3ms]
2024-10-19 18:56:02.135 [info] fatal: not a git repository (or any parent up to mount point /)
Stopping at filesystem boundary (GIT_DISCOVERY_ACROSS_FILESYSTEM not set).
2024-10-19 18:57:17.685 [info] > git rev-parse --show-toplevel [3ms]
2024-10-19 18:57:17.685 [info] fatal: not a git repository (or any parent up to mount point /)
Stopping at filesystem boundary (GIT_DISCOVERY_ACROSS_FILESYSTEM not set).
2024-10-19 18:57:44.234 [info] > git rev-parse --show-toplevel [1ms]
2024-10-19 18:57:44.234 [info] fatal: not a git repository (or any parent up to mount point /)
Stopping at filesystem boundary (GIT_DISCOVERY_ACROSS_FILESYSTEM not set).
2024-10-19 18:59:16.145 [info] > git rev-parse --show-toplevel [3ms]
2024-10-19 18:59:16.145 [info] fatal: not a git repository (or any parent up to mount point /)
Stopping at filesystem boundary (GIT_DISCOVERY_ACROSS_FILESYSTEM not set).
2024-10-19 19:04:36.390 [info] > git rev-parse --show-toplevel [2ms]
2024-10-19 19:04:36.390 [info] fatal: not a git repository (or any parent up to mount point /)
Stopping at filesystem boundary (GIT_DISCOVERY_ACROSS_FILESYSTEM not set).
2024-10-19 19:04:45.560 [info] > git rev-parse --show-toplevel [2ms]
2024-10-19 19:04:45.560 [info] fatal: not a git repository (or any parent up to mount point /)
Stopping at filesystem boundary (GIT_DISCOVERY_ACROSS_FILESYSTEM not set).
2024-10-19 19:04:48.191 [info] > git rev-parse --show-toplevel [1ms]
2024-10-19 19:04:48.191 [info] fatal: not a git repository (or any parent up to mount point /)
Stopping at filesystem boundary (GIT_DISCOVERY_ACROSS_FILESYSTEM not set).
2024-10-19 19:13:40.544 [info] > git rev-parse --show-toplevel [1ms]
2024-10-19 19:13:40.544 [info] fatal: not a git repository (or any parent up to mount point /)
Stopping at filesystem boundary (GIT_DISCOVERY_ACROSS_FILESYSTEM not set).
2024-10-19 19:13:40.926 [info] > git rev-parse --show-toplevel [3ms]
2024-10-19 19:13:40.926 [info] fatal: not a git repository (or any parent up to mount point /)
Stopping at filesystem boundary (GIT_DISCOVERY_ACROSS_FILESYSTEM not set).
2024-10-19 19:13:41.163 [info] > git rev-parse --show-toplevel [3ms]
2024-10-19 19:13:41.163 [info] fatal: not a git repository (or any parent up to mount point /)
Stopping at filesystem boundary (GIT_DISCOVERY_ACROSS_FILESYSTEM not set).
2024-10-19 19:13:51.159 [info] > git rev-parse --show-toplevel [2ms]
2024-10-19 19:13:51.159 [info] fatal: not a git repository (or any parent up to mount point /)
Stopping at filesystem boundary (GIT_DISCOVERY_ACROSS_FILESYSTEM not set).
2024-10-19 19:13:52.320 [info] > git rev-parse --show-toplevel [2ms]
2024-10-19 19:13:52.320 [info] fatal: not a git repository (or any parent up to mount point /)
Stopping at filesystem boundary (GIT_DISCOVERY_ACROSS_FILESYSTEM not set).
2024-10-19 19:14:02.632 [info] > git rev-parse --show-toplevel [3ms]
2024-10-19 19:14:02.632 [info] fatal: not a git repository (or any parent up to mount point /)
Stopping at filesystem boundary (GIT_DISCOVERY_ACROSS_FILESYSTEM not set).
2024-10-19 19:14:04.098 [info] > git rev-parse --show-toplevel [1ms]
2024-10-19 19:14:04.098 [info] fatal: not a git repository (or any parent up to mount point /)
Stopping at filesystem boundary (GIT_DISCOVERY_ACROSS_FILESYSTEM not set).
2024-10-19 19:14:04.942 [info] > git rev-parse --show-toplevel [3ms]
2024-10-19 19:14:04.942 [info] fatal: not a git repository (or any parent up to mount point /)
Stopping at filesystem boundary (GIT_DISCOVERY_ACROSS_FILESYSTEM not set).
2024-10-19 19:14:26.734 [info] > git rev-parse --show-toplevel [3ms]
2024-10-19 19:14:26.734 [info] fatal: not a git repository (or any parent up to mount point /)
Stopping at filesystem boundary (GIT_DISCOVERY_ACROSS_FILESYSTEM not set).
2024-10-19 19:14:34.622 [info] > git rev-parse --show-toplevel [2ms]
2024-10-19 19:14:34.622 [info] fatal: not a git repository (or any parent up to mount point /)
Stopping at filesystem boundary (GIT_DISCOVERY_ACROSS_FILESYSTEM not set).
2024-10-19 19:14:37.539 [info] > git rev-parse --show-toplevel [1ms]
2024-10-19 19:14:37.540 [info] fatal: not a git repository (or any parent up to mount point /)
Stopping at filesystem boundary (GIT_DISCOVERY_ACROSS_FILESYSTEM not set).
2024-10-19 19:17:18.484 [info] > git rev-parse --show-toplevel [2ms]
2024-10-19 19:17:18.484 [info] fatal: not a git repository (or any parent up to mount point /)
Stopping at filesystem boundary (GIT_DISCOVERY_ACROSS_FILESYSTEM not set).
2024-10-19 19:17:50.904 [info] > git rev-parse --show-toplevel [3ms]
2024-10-19 19:17:50.904 [info] fatal: not a git repository (or any parent up to mount point /)
Stopping at filesystem boundary (GIT_DISCOVERY_ACROSS_FILESYSTEM not set).
2024-10-19 19:18:03.984 [info] > git rev-parse --show-toplevel [3ms]
2024-10-19 19:18:03.984 [info] fatal: not a git repository (or any parent up to mount point /)
Stopping at filesystem boundary (GIT_DISCOVERY_ACROSS_FILESYSTEM not set).
2024-10-19 19:18:04.528 [info] > git rev-parse --show-toplevel [3ms]
2024-10-19 19:18:04.528 [info] fatal: not a git repository (or any parent up to mount point /)
Stopping at filesystem boundary (GIT_DISCOVERY_ACROSS_FILESYSTEM not set).
2024-10-19 19:18:06.691 [info] > git rev-parse --show-toplevel [3ms]
2024-10-19 19:18:06.691 [info] fatal: not a git repository (or any parent up to mount point /)
Stopping at filesystem boundary (GIT_DISCOVERY_ACROSS_FILESYSTEM not set).
2024-10-19 19:18:07.709 [info] > git rev-parse --show-toplevel [2ms]
2024-10-19 19:18:07.710 [info] fatal: not a git repository (or any parent up to mount point /)
Stopping at filesystem boundary (GIT_DISCOVERY_ACROSS_FILESYSTEM not set).
2024-10-19 19:18:33.816 [info] > git rev-parse --show-toplevel [3ms]
2024-10-19 19:18:33.816 [info] fatal: not a git repository (or any parent up to mount point /)
Stopping at filesystem boundary (GIT_DISCOVERY_ACROSS_FILESYSTEM not set).
2024-10-19 19:18:34.328 [info] > git rev-parse --show-toplevel [4ms]
2024-10-19 19:18:34.328 [info] fatal: not a git repository (or any parent up to mount point /)
Stopping at filesystem boundary (GIT_DISCOVERY_ACROSS_FILESYSTEM not set).
2024-10-19 19:20:27.898 [info] > git rev-parse --show-toplevel [4ms]
2024-10-19 19:20:27.898 [info] fatal: not a git repository (or any parent up to mount point /)
Stopping at filesystem boundary (GIT_DISCOVERY_ACROSS_FILESYSTEM not set).
2024-10-19 19:20:34.152 [info] > git rev-parse --show-toplevel [2ms]
2024-10-19 19:20:34.152 [info] fatal: not a git repository (or any parent up to mount point /)
Stopping at filesystem boundary (GIT_DISCOVERY_ACROSS_FILESYSTEM not set).
2024-10-19 19:21:24.220 [info] > git rev-parse --show-toplevel [2ms]
2024-10-19 19:21:24.220 [info] fatal: not a git repository (or any parent up to mount point /)
Stopping at filesystem boundary (GIT_DISCOVERY_ACROSS_FILESYSTEM not set).
2024-10-19 19:21:25.425 [info] > git rev-parse --show-toplevel [4ms]
2024-10-19 19:21:25.425 [info] fatal: not a git repository (or any parent up to mount point /)
Stopping at filesystem boundary (GIT_DISCOVERY_ACROSS_FILESYSTEM not set).
2024-10-19 19:21:28.636 [info] > git rev-parse --show-toplevel [3ms]
2024-10-19 19:21:28.636 [info] fatal: not a git repository (or any parent up to mount point /)
Stopping at filesystem boundary (GIT_DISCOVERY_ACROSS_FILESYSTEM not set).
2024-10-19 19:21:29.405 [info] > git rev-parse --show-toplevel [2ms]
2024-10-19 19:21:29.405 [info] fatal: not a git repository (or any parent up to mount point /)
Stopping at filesystem boundary (GIT_DISCOVERY_ACROSS_FILESYSTEM not set).
2024-10-19 19:21:31.736 [info] > git rev-parse --show-toplevel [2ms]
2024-10-19 19:21:31.736 [info] fatal: not a git repository (or any parent up to mount point /)
Stopping at filesystem boundary (GIT_DISCOVERY_ACROSS_FILESYSTEM not set).
2024-10-19 19:21:51.186 [info] > git rev-parse --show-toplevel [3ms]
2024-10-19 19:21:51.186 [info] fatal: not a git repository (or any parent up to mount point /)
Stopping at filesystem boundary (GIT_DISCOVERY_ACROSS_FILESYSTEM not set).
2024-10-19 19:27:44.914 [info] > git rev-parse --show-toplevel [3ms]
2024-10-19 19:27:44.914 [info] fatal: not a git repository (or any parent up to mount point /)
Stopping at filesystem boundary (GIT_DISCOVERY_ACROSS_FILESYSTEM not set).
2024-10-19 19:27:45.449 [info] > git rev-parse --show-toplevel [3ms]
2024-10-19 19:27:45.449 [info] fatal: not a git repository (or any parent up to mount point /)
Stopping at filesystem boundary (GIT_DISCOVERY_ACROSS_FILESYSTEM not set).
2024-10-19 19:27:47.674 [info] > git rev-parse --show-toplevel [1ms]
2024-10-19 19:27:47.674 [info] fatal: not a git repository (or any parent up to mount point /)
Stopping at filesystem boundary (GIT_DISCOVERY_ACROSS_FILESYSTEM not set).
2024-10-19 19:27:49.697 [info] > git rev-parse --show-toplevel [2ms]
2024-10-19 19:27:49.697 [info] fatal: not a git repository (or any parent up to mount point /)
Stopping at filesystem boundary (GIT_DISCOVERY_ACROSS_FILESYSTEM not set).
2024-10-19 19:27:50.403 [info] > git rev-parse --show-toplevel [1ms]
2024-10-19 19:27:50.403 [info] fatal: not a git repository (or any parent up to mount point /)
Stopping at filesystem boundary (GIT_DISCOVERY_ACROSS_FILESYSTEM not set).
2024-10-19 19:27:58.037 [info] > git rev-parse --show-toplevel [1ms]
2024-10-19 19:27:58.037 [info] fatal: not a git repository (or any parent up to mount point /)
Stopping at filesystem boundary (GIT_DISCOVERY_ACROSS_FILESYSTEM not set).
2024-10-19 19:35:05.699 [info] > git rev-parse --show-toplevel [2ms]
2024-10-19 19:35:05.699 [info] fatal: not a git repository (or any parent up to mount point /)
Stopping at filesystem boundary (GIT_DISCOVERY_ACROSS_FILESYSTEM not set).
2024-10-19 19:35:06.476 [info] > git rev-parse --show-toplevel [2ms]
2024-10-19 19:35:06.476 [info] fatal: not a git repository (or any parent up to mount point /)
Stopping at filesystem boundary (GIT_DISCOVERY_ACROSS_FILESYSTEM not set).
2024-10-19 19:35:07.102 [info] > git rev-parse --show-toplevel [1ms]
2024-10-19 19:35:07.102 [info] fatal: not a git repository (or any parent up to mount point /)
Stopping at filesystem boundary (GIT_DISCOVERY_ACROSS_FILESYSTEM not set).
2024-10-19 19:35:08.023 [info] > git rev-parse --show-toplevel [1ms]
2024-10-19 19:35:08.023 [info] fatal: not a git repository (or any parent up to mount point /)
Stopping at filesystem boundary (GIT_DISCOVERY_ACROSS_FILESYSTEM not set).
2024-10-19 19:46:07.775 [info] > git rev-parse --show-toplevel [2ms]
2024-10-19 19:46:07.776 [info] fatal: not a git repository (or any parent up to mount point /)
Stopping at filesystem boundary (GIT_DISCOVERY_ACROSS_FILESYSTEM not set).
2024-10-19 19:53:14.575 [info] > git rev-parse --show-toplevel [2ms]
2024-10-19 19:53:14.575 [info] fatal: not a git repository (or any parent up to mount point /)
Stopping at filesystem boundary (GIT_DISCOVERY_ACROSS_FILESYSTEM not set).
2024-10-19 19:53:15.703 [info] > git rev-parse --show-toplevel [3ms]
2024-10-19 19:53:15.703 [info] fatal: not a git repository (or any parent up to mount point /)
Stopping at filesystem boundary (GIT_DISCOVERY_ACROSS_FILESYSTEM not set).
2024-10-19 19:53:29.101 [info] > git rev-parse --show-toplevel [1ms]
2024-10-19 19:53:29.102 [info] fatal: not a git repository (or any parent up to mount point /)
Stopping at filesystem boundary (GIT_DISCOVERY_ACROSS_FILESYSTEM not set).
