2024-10-20 01:50:39.143 [info] Added views:outline in workbench.view.explorer
2024-10-20 01:50:39.143 [info] Added views:workbench.view.search in workbench.view.search
2024-10-20 01:50:39.143 [info] Added views:workbench.scm in workbench.view.scm
2024-10-20 01:50:39.143 [info] Added views:workbench.panel.markers.view in workbench.panel.markers
2024-10-20 01:50:39.143 [info] Added views:workbench.panel.output in workbench.panel.output
2024-10-20 01:50:39.143 [info] Added views:terminal in terminal
2024-10-20 01:50:39.143 [info] Added views:timeline in workbench.view.explorer
2024-10-20 01:50:39.143 [info] Added views:workbench.explorer.fileView in workbench.view.explorer
2024-10-20 01:50:39.669 [info] Added views:workbench.debug.welcome in workbench.view.debug
2024-10-20 01:50:39.698 [info] Added views:workbench.panel.repl.view in workbench.panel.repl
2024-10-20 01:50:41.172 [info] Added views:~remote.forwardedPorts in ~remote.forwardedPortsContainer
2024-10-20 02:12:23.183 [info] Removed views:workbench.explorer.fileView from workbench.view.explorer
2024-10-20 02:12:23.195 [info] Added views:workbench.explorer.emptyView in workbench.view.explorer
2024-10-20 02:12:23.344 [info] Removed views:workbench.panel.repl.view from workbench.panel.repl
2024-10-20 02:12:23.689 [info] Added views:workbench.panel.repl.view in workbench.panel.repl
2024-10-20 02:12:37.647 [info] Removed views:workbench.explorer.emptyView from workbench.view.explorer
2024-10-20 02:12:37.673 [info] Added views:workbench.explorer.fileView in workbench.view.explorer
2024-10-20 02:12:37.859 [info] Removed views:workbench.panel.repl.view from workbench.panel.repl
2024-10-20 02:12:38.185 [info] Added views:workbench.panel.repl.view in workbench.panel.repl
2024-10-20 02:23:52.944 [info] Removed views:workbench.explorer.fileView from workbench.view.explorer
2024-10-20 02:23:52.956 [info] Added views:workbench.explorer.emptyView in workbench.view.explorer
2024-10-20 02:23:53.163 [info] Removed views:workbench.panel.repl.view from workbench.panel.repl
2024-10-20 02:23:53.472 [info] Added views:workbench.panel.repl.view in workbench.panel.repl
2024-10-20 02:23:59.006 [info] Removed views:workbench.explorer.emptyView from workbench.view.explorer
2024-10-20 02:23:59.029 [info] Added views:workbench.explorer.fileView in workbench.view.explorer
2024-10-20 02:23:59.200 [info] Removed views:workbench.panel.repl.view from workbench.panel.repl
2024-10-20 02:23:59.556 [info] Added views:workbench.panel.repl.view in workbench.panel.repl
