2024-10-19 22:44:55.380 [info] [main] Log level: Info
2024-10-19 22:44:55.380 [info] [main] Validating found git in: "git"
2024-10-19 22:44:55.381 [info] [main] Using git "2.47.0" from "git"
2024-10-19 22:44:55.381 [info] [Model][doInitialScan] Initial repository scan started
2024-10-19 22:44:55.381 [info] > git rev-parse --show-toplevel [4ms]
2024-10-19 22:44:55.381 [info] fatal: not a git repository (or any parent up to mount point /)
Stopping at filesystem boundary (GIT_DISCOVERY_ACROSS_FILESYSTEM not set).
2024-10-19 22:44:55.381 [info] > git rev-parse --show-toplevel [6ms]
2024-10-19 22:44:55.381 [info] fatal: not a git repository (or any parent up to mount point /)
Stopping at filesystem boundary (GIT_DISCOVERY_ACROSS_FILESYSTEM not set).
2024-10-19 22:44:55.381 [info] > git rev-parse --show-toplevel [7ms]
2024-10-19 22:44:55.381 [info] fatal: not a git repository (or any parent up to mount point /)
Stopping at filesystem boundary (GIT_DISCOVERY_ACROSS_FILESYSTEM not set).
2024-10-19 22:44:55.391 [info] > git rev-parse --show-toplevel [3ms]
2024-10-19 22:44:55.391 [info] fatal: not a git repository (or any parent up to mount point /)
Stopping at filesystem boundary (GIT_DISCOVERY_ACROSS_FILESYSTEM not set).
2024-10-19 22:44:55.400 [info] > git rev-parse --show-toplevel [2ms]
2024-10-19 22:44:55.400 [info] fatal: not a git repository (or any parent up to mount point /)
Stopping at filesystem boundary (GIT_DISCOVERY_ACROSS_FILESYSTEM not set).
2024-10-19 22:44:55.409 [info] > git rev-parse --show-toplevel [2ms]
2024-10-19 22:44:55.409 [info] fatal: not a git repository (or any parent up to mount point /)
Stopping at filesystem boundary (GIT_DISCOVERY_ACROSS_FILESYSTEM not set).
2024-10-19 22:44:55.418 [info] > git rev-parse --show-toplevel [1ms]
2024-10-19 22:44:55.418 [info] fatal: not a git repository (or any parent up to mount point /)
Stopping at filesystem boundary (GIT_DISCOVERY_ACROSS_FILESYSTEM not set).
2024-10-19 22:44:55.435 [info] > git rev-parse --show-toplevel [9ms]
2024-10-19 22:44:55.435 [info] fatal: not a git repository (or any parent up to mount point /)
Stopping at filesystem boundary (GIT_DISCOVERY_ACROSS_FILESYSTEM not set).
2024-10-19 22:44:55.445 [info] > git rev-parse --show-toplevel [2ms]
2024-10-19 22:44:55.445 [info] fatal: not a git repository (or any parent up to mount point /)
Stopping at filesystem boundary (GIT_DISCOVERY_ACROSS_FILESYSTEM not set).
2024-10-19 22:44:55.467 [info] > git rev-parse --show-toplevel [15ms]
2024-10-19 22:44:55.467 [info] fatal: not a git repository (or any parent up to mount point /)
Stopping at filesystem boundary (GIT_DISCOVERY_ACROSS_FILESYSTEM not set).
2024-10-19 22:44:55.476 [info] > git rev-parse --show-toplevel [2ms]
2024-10-19 22:44:55.476 [info] fatal: not a git repository (or any parent up to mount point /)
Stopping at filesystem boundary (GIT_DISCOVERY_ACROSS_FILESYSTEM not set).
2024-10-19 22:44:55.483 [info] > git rev-parse --show-toplevel [1ms]
2024-10-19 22:44:55.483 [info] fatal: not a git repository (or any parent up to mount point /)
Stopping at filesystem boundary (GIT_DISCOVERY_ACROSS_FILESYSTEM not set).
2024-10-19 22:44:55.492 [info] > git rev-parse --show-toplevel [1ms]
2024-10-19 22:44:55.492 [info] fatal: not a git repository (or any parent up to mount point /)
Stopping at filesystem boundary (GIT_DISCOVERY_ACROSS_FILESYSTEM not set).
2024-10-19 22:44:55.500 [info] > git rev-parse --show-toplevel [2ms]
2024-10-19 22:44:55.500 [info] fatal: not a git repository (or any parent up to mount point /)
Stopping at filesystem boundary (GIT_DISCOVERY_ACROSS_FILESYSTEM not set).
2024-10-19 22:44:55.507 [info] > git rev-parse --show-toplevel [1ms]
2024-10-19 22:44:55.507 [info] fatal: not a git repository (or any parent up to mount point /)
Stopping at filesystem boundary (GIT_DISCOVERY_ACROSS_FILESYSTEM not set).
2024-10-19 22:44:55.515 [info] > git rev-parse --show-toplevel [2ms]
2024-10-19 22:44:55.515 [info] fatal: not a git repository (or any parent up to mount point /)
Stopping at filesystem boundary (GIT_DISCOVERY_ACROSS_FILESYSTEM not set).
2024-10-19 22:44:55.523 [info] > git rev-parse --show-toplevel [2ms]
2024-10-19 22:44:55.523 [info] fatal: not a git repository (or any parent up to mount point /)
Stopping at filesystem boundary (GIT_DISCOVERY_ACROSS_FILESYSTEM not set).
2024-10-19 22:44:55.530 [info] > git rev-parse --show-toplevel [1ms]
2024-10-19 22:44:55.530 [info] fatal: not a git repository (or any parent up to mount point /)
Stopping at filesystem boundary (GIT_DISCOVERY_ACROSS_FILESYSTEM not set).
2024-10-19 22:44:55.538 [info] > git rev-parse --show-toplevel [1ms]
2024-10-19 22:44:55.538 [info] fatal: not a git repository (or any parent up to mount point /)
Stopping at filesystem boundary (GIT_DISCOVERY_ACROSS_FILESYSTEM not set).
2024-10-19 22:44:55.546 [info] > git rev-parse --show-toplevel [1ms]
2024-10-19 22:44:55.546 [info] fatal: not a git repository (or any parent up to mount point /)
Stopping at filesystem boundary (GIT_DISCOVERY_ACROSS_FILESYSTEM not set).
2024-10-19 22:44:55.554 [info] > git rev-parse --show-toplevel [1ms]
2024-10-19 22:44:55.554 [info] fatal: not a git repository (or any parent up to mount point /)
Stopping at filesystem boundary (GIT_DISCOVERY_ACROSS_FILESYSTEM not set).
2024-10-19 22:44:55.561 [info] > git rev-parse --show-toplevel [1ms]
2024-10-19 22:44:55.561 [info] fatal: not a git repository (or any parent up to mount point /)
Stopping at filesystem boundary (GIT_DISCOVERY_ACROSS_FILESYSTEM not set).
2024-10-19 22:44:55.568 [info] > git rev-parse --show-toplevel [1ms]
2024-10-19 22:44:55.568 [info] fatal: not a git repository (or any parent up to mount point /)
Stopping at filesystem boundary (GIT_DISCOVERY_ACROSS_FILESYSTEM not set).
2024-10-19 22:44:55.575 [info] > git rev-parse --show-toplevel [1ms]
2024-10-19 22:44:55.575 [info] fatal: not a git repository (or any parent up to mount point /)
Stopping at filesystem boundary (GIT_DISCOVERY_ACROSS_FILESYSTEM not set).
2024-10-19 22:44:55.582 [info] > git rev-parse --show-toplevel [1ms]
2024-10-19 22:44:55.582 [info] fatal: not a git repository (or any parent up to mount point /)
Stopping at filesystem boundary (GIT_DISCOVERY_ACROSS_FILESYSTEM not set).
2024-10-19 22:44:55.590 [info] > git rev-parse --show-toplevel [1ms]
2024-10-19 22:44:55.590 [info] fatal: not a git repository (or any parent up to mount point /)
Stopping at filesystem boundary (GIT_DISCOVERY_ACROSS_FILESYSTEM not set).
2024-10-19 22:44:55.598 [info] > git rev-parse --show-toplevel [2ms]
2024-10-19 22:44:55.598 [info] fatal: not a git repository (or any parent up to mount point /)
Stopping at filesystem boundary (GIT_DISCOVERY_ACROSS_FILESYSTEM not set).
2024-10-19 22:44:55.606 [info] > git rev-parse --show-toplevel [1ms]
2024-10-19 22:44:55.606 [info] fatal: not a git repository (or any parent up to mount point /)
Stopping at filesystem boundary (GIT_DISCOVERY_ACROSS_FILESYSTEM not set).
2024-10-19 22:44:55.612 [info] > git rev-parse --show-toplevel [1ms]
2024-10-19 22:44:55.612 [info] fatal: not a git repository (or any parent up to mount point /)
Stopping at filesystem boundary (GIT_DISCOVERY_ACROSS_FILESYSTEM not set).
2024-10-19 22:44:55.620 [info] > git rev-parse --show-toplevel [2ms]
2024-10-19 22:44:55.620 [info] fatal: not a git repository (or any parent up to mount point /)
Stopping at filesystem boundary (GIT_DISCOVERY_ACROSS_FILESYSTEM not set).
2024-10-19 22:44:55.627 [info] > git rev-parse --show-toplevel [1ms]
2024-10-19 22:44:55.627 [info] fatal: not a git repository (or any parent up to mount point /)
Stopping at filesystem boundary (GIT_DISCOVERY_ACROSS_FILESYSTEM not set).
2024-10-19 22:44:55.628 [info] [Model][doInitialScan] Initial repository scan completed - repositories (0), closed repositories (0), parent repositories (0), unsafe repositories (0)
2024-10-19 22:44:55.635 [info] > git rev-parse --show-toplevel [1ms]
2024-10-19 22:44:55.635 [info] fatal: not a git repository (or any parent up to mount point /)
Stopping at filesystem boundary (GIT_DISCOVERY_ACROSS_FILESYSTEM not set).
2024-10-19 22:44:55.643 [info] > git rev-parse --show-toplevel [1ms]
2024-10-19 22:44:55.643 [info] fatal: not a git repository (or any parent up to mount point /)
Stopping at filesystem boundary (GIT_DISCOVERY_ACROSS_FILESYSTEM not set).
2024-10-19 22:44:55.650 [info] > git rev-parse --show-toplevel [1ms]
2024-10-19 22:44:55.650 [info] fatal: not a git repository (or any parent up to mount point /)
Stopping at filesystem boundary (GIT_DISCOVERY_ACROSS_FILESYSTEM not set).
2024-10-19 22:44:55.658 [info] > git rev-parse --show-toplevel [1ms]
2024-10-19 22:44:55.658 [info] fatal: not a git repository (or any parent up to mount point /)
Stopping at filesystem boundary (GIT_DISCOVERY_ACROSS_FILESYSTEM not set).
2024-10-19 22:44:55.665 [info] > git rev-parse --show-toplevel [1ms]
2024-10-19 22:44:55.665 [info] fatal: not a git repository (or any parent up to mount point /)
Stopping at filesystem boundary (GIT_DISCOVERY_ACROSS_FILESYSTEM not set).
2024-10-19 22:44:55.672 [info] > git rev-parse --show-toplevel [1ms]
2024-10-19 22:44:55.672 [info] fatal: not a git repository (or any parent up to mount point /)
Stopping at filesystem boundary (GIT_DISCOVERY_ACROSS_FILESYSTEM not set).
2024-10-19 22:44:55.680 [info] > git rev-parse --show-toplevel [1ms]
2024-10-19 22:44:55.680 [info] fatal: not a git repository (or any parent up to mount point /)
Stopping at filesystem boundary (GIT_DISCOVERY_ACROSS_FILESYSTEM not set).
2024-10-19 22:44:55.687 [info] > git rev-parse --show-toplevel [1ms]
2024-10-19 22:44:55.687 [info] fatal: not a git repository (or any parent up to mount point /)
Stopping at filesystem boundary (GIT_DISCOVERY_ACROSS_FILESYSTEM not set).
2024-10-19 22:44:56.385 [info] > git rev-parse --show-toplevel [1ms]
2024-10-19 22:44:56.385 [info] fatal: not a git repository (or any parent up to mount point /)
Stopping at filesystem boundary (GIT_DISCOVERY_ACROSS_FILESYSTEM not set).
2024-10-19 22:44:56.393 [info] > git rev-parse --show-toplevel [2ms]
2024-10-19 22:44:56.393 [info] fatal: not a git repository (or any parent up to mount point /)
Stopping at filesystem boundary (GIT_DISCOVERY_ACROSS_FILESYSTEM not set).
2024-10-19 22:44:56.399 [info] > git rev-parse --show-toplevel [1ms]
2024-10-19 22:44:56.399 [info] fatal: not a git repository (or any parent up to mount point /)
Stopping at filesystem boundary (GIT_DISCOVERY_ACROSS_FILESYSTEM not set).
2024-10-19 22:44:56.406 [info] > git rev-parse --show-toplevel [1ms]
2024-10-19 22:44:56.406 [info] fatal: not a git repository (or any parent up to mount point /)
Stopping at filesystem boundary (GIT_DISCOVERY_ACROSS_FILESYSTEM not set).
2024-10-19 22:44:57.711 [info] > git rev-parse --show-toplevel [2ms]
2024-10-19 22:44:57.711 [info] fatal: not a git repository (or any parent up to mount point /)
Stopping at filesystem boundary (GIT_DISCOVERY_ACROSS_FILESYSTEM not set).
2024-10-19 22:44:57.726 [info] > git rev-parse --show-toplevel [3ms]
2024-10-19 22:44:57.726 [info] fatal: not a git repository (or any parent up to mount point /)
Stopping at filesystem boundary (GIT_DISCOVERY_ACROSS_FILESYSTEM not set).
2024-10-19 22:44:57.737 [info] > git rev-parse --show-toplevel [2ms]
2024-10-19 22:44:57.737 [info] fatal: not a git repository (or any parent up to mount point /)
Stopping at filesystem boundary (GIT_DISCOVERY_ACROSS_FILESYSTEM not set).
2024-10-19 22:44:57.751 [info] > git rev-parse --show-toplevel [2ms]
2024-10-19 22:44:57.751 [info] fatal: not a git repository (or any parent up to mount point /)
Stopping at filesystem boundary (GIT_DISCOVERY_ACROSS_FILESYSTEM not set).
2024-10-19 22:45:50.038 [info] > git rev-parse --show-toplevel [2ms]
2024-10-19 22:45:50.038 [info] fatal: not a git repository (or any parent up to mount point /)
Stopping at filesystem boundary (GIT_DISCOVERY_ACROSS_FILESYSTEM not set).
2024-10-19 22:48:09.766 [info] > git rev-parse --show-toplevel [1ms]
2024-10-19 22:48:09.766 [info] fatal: not a git repository (or any parent up to mount point /)
Stopping at filesystem boundary (GIT_DISCOVERY_ACROSS_FILESYSTEM not set).
2024-10-19 22:48:09.797 [info] > git rev-parse --show-toplevel [23ms]
2024-10-19 22:48:09.797 [info] fatal: not a git repository (or any parent up to mount point /)
Stopping at filesystem boundary (GIT_DISCOVERY_ACROSS_FILESYSTEM not set).
2024-10-19 22:48:09.808 [info] > git rev-parse --show-toplevel [2ms]
2024-10-19 22:48:09.808 [info] fatal: not a git repository (or any parent up to mount point /)
Stopping at filesystem boundary (GIT_DISCOVERY_ACROSS_FILESYSTEM not set).
2024-10-19 22:48:09.819 [info] > git rev-parse --show-toplevel [4ms]
2024-10-19 22:48:09.819 [info] fatal: not a git repository (or any parent up to mount point /)
Stopping at filesystem boundary (GIT_DISCOVERY_ACROSS_FILESYSTEM not set).
2024-10-19 22:48:16.013 [info] > git rev-parse --show-toplevel [3ms]
2024-10-19 22:48:16.013 [info] fatal: not a git repository (or any parent up to mount point /)
Stopping at filesystem boundary (GIT_DISCOVERY_ACROSS_FILESYSTEM not set).
2024-10-19 22:50:26.376 [info] > git rev-parse --show-toplevel [1ms]
2024-10-19 22:50:26.376 [info] fatal: not a git repository (or any parent up to mount point /)
Stopping at filesystem boundary (GIT_DISCOVERY_ACROSS_FILESYSTEM not set).
2024-10-19 23:11:01.945 [info] [main] Log level: Info
2024-10-19 23:11:01.945 [info] [main] Validating found git in: "git"
2024-10-19 23:11:01.945 [info] [main] Using git "2.47.0" from "git"
2024-10-19 23:11:01.945 [info] [Model][doInitialScan] Initial repository scan started
2024-10-19 23:11:01.945 [info] > git rev-parse --show-toplevel [4ms]
2024-10-19 23:11:01.945 [info] fatal: not a git repository (or any parent up to mount point /)
Stopping at filesystem boundary (GIT_DISCOVERY_ACROSS_FILESYSTEM not set).
2024-10-19 23:11:01.946 [info] > git rev-parse --show-toplevel [2ms]
2024-10-19 23:11:01.946 [info] fatal: not a git repository (or any parent up to mount point /)
Stopping at filesystem boundary (GIT_DISCOVERY_ACROSS_FILESYSTEM not set).
2024-10-19 23:11:01.978 [info] > git rev-parse --show-toplevel [4ms]
2024-10-19 23:11:01.978 [info] fatal: not a git repository (or any parent up to mount point /)
Stopping at filesystem boundary (GIT_DISCOVERY_ACROSS_FILESYSTEM not set).
2024-10-19 23:11:01.990 [info] > git rev-parse --show-toplevel [2ms]
2024-10-19 23:11:01.990 [info] fatal: not a git repository (or any parent up to mount point /)
Stopping at filesystem boundary (GIT_DISCOVERY_ACROSS_FILESYSTEM not set).
2024-10-19 23:11:01.997 [info] > git rev-parse --show-toplevel [1ms]
2024-10-19 23:11:01.997 [info] fatal: not a git repository (or any parent up to mount point /)
Stopping at filesystem boundary (GIT_DISCOVERY_ACROSS_FILESYSTEM not set).
2024-10-19 23:11:02.005 [info] > git rev-parse --show-toplevel [1ms]
2024-10-19 23:11:02.005 [info] fatal: not a git repository (or any parent up to mount point /)
Stopping at filesystem boundary (GIT_DISCOVERY_ACROSS_FILESYSTEM not set).
2024-10-19 23:11:02.012 [info] > git rev-parse --show-toplevel [1ms]
2024-10-19 23:11:02.012 [info] fatal: not a git repository (or any parent up to mount point /)
Stopping at filesystem boundary (GIT_DISCOVERY_ACROSS_FILESYSTEM not set).
2024-10-19 23:11:02.018 [info] > git rev-parse --show-toplevel [1ms]
2024-10-19 23:11:02.018 [info] fatal: not a git repository (or any parent up to mount point /)
Stopping at filesystem boundary (GIT_DISCOVERY_ACROSS_FILESYSTEM not set).
2024-10-19 23:11:02.029 [info] > git rev-parse --show-toplevel [3ms]
2024-10-19 23:11:02.029 [info] fatal: not a git repository (or any parent up to mount point /)
Stopping at filesystem boundary (GIT_DISCOVERY_ACROSS_FILESYSTEM not set).
2024-10-19 23:11:02.040 [info] > git rev-parse --show-toplevel [2ms]
2024-10-19 23:11:02.040 [info] fatal: not a git repository (or any parent up to mount point /)
Stopping at filesystem boundary (GIT_DISCOVERY_ACROSS_FILESYSTEM not set).
2024-10-19 23:11:02.050 [info] > git rev-parse --show-toplevel [1ms]
2024-10-19 23:11:02.050 [info] fatal: not a git repository (or any parent up to mount point /)
Stopping at filesystem boundary (GIT_DISCOVERY_ACROSS_FILESYSTEM not set).
2024-10-19 23:11:02.056 [info] > git rev-parse --show-toplevel [1ms]
2024-10-19 23:11:02.056 [info] fatal: not a git repository (or any parent up to mount point /)
Stopping at filesystem boundary (GIT_DISCOVERY_ACROSS_FILESYSTEM not set).
2024-10-19 23:11:02.063 [info] > git rev-parse --show-toplevel [1ms]
2024-10-19 23:11:02.063 [info] fatal: not a git repository (or any parent up to mount point /)
Stopping at filesystem boundary (GIT_DISCOVERY_ACROSS_FILESYSTEM not set).
2024-10-19 23:11:02.069 [info] > git rev-parse --show-toplevel [1ms]
2024-10-19 23:11:02.069 [info] fatal: not a git repository (or any parent up to mount point /)
Stopping at filesystem boundary (GIT_DISCOVERY_ACROSS_FILESYSTEM not set).
2024-10-19 23:11:02.076 [info] > git rev-parse --show-toplevel [1ms]
2024-10-19 23:11:02.076 [info] fatal: not a git repository (or any parent up to mount point /)
Stopping at filesystem boundary (GIT_DISCOVERY_ACROSS_FILESYSTEM not set).
2024-10-19 23:11:02.088 [info] > git rev-parse --show-toplevel [3ms]
2024-10-19 23:11:02.088 [info] fatal: not a git repository (or any parent up to mount point /)
Stopping at filesystem boundary (GIT_DISCOVERY_ACROSS_FILESYSTEM not set).
2024-10-19 23:11:02.099 [info] > git rev-parse --show-toplevel [3ms]
2024-10-19 23:11:02.099 [info] fatal: not a git repository (or any parent up to mount point /)
Stopping at filesystem boundary (GIT_DISCOVERY_ACROSS_FILESYSTEM not set).
2024-10-19 23:11:02.106 [info] > git rev-parse --show-toplevel [1ms]
2024-10-19 23:11:02.106 [info] fatal: not a git repository (or any parent up to mount point /)
Stopping at filesystem boundary (GIT_DISCOVERY_ACROSS_FILESYSTEM not set).
2024-10-19 23:11:02.113 [info] > git rev-parse --show-toplevel [1ms]
2024-10-19 23:11:02.113 [info] fatal: not a git repository (or any parent up to mount point /)
Stopping at filesystem boundary (GIT_DISCOVERY_ACROSS_FILESYSTEM not set).
2024-10-19 23:11:02.120 [info] > git rev-parse --show-toplevel [1ms]
2024-10-19 23:11:02.120 [info] fatal: not a git repository (or any parent up to mount point /)
Stopping at filesystem boundary (GIT_DISCOVERY_ACROSS_FILESYSTEM not set).
2024-10-19 23:11:02.127 [info] > git rev-parse --show-toplevel [1ms]
2024-10-19 23:11:02.127 [info] fatal: not a git repository (or any parent up to mount point /)
Stopping at filesystem boundary (GIT_DISCOVERY_ACROSS_FILESYSTEM not set).
2024-10-19 23:11:02.134 [info] > git rev-parse --show-toplevel [1ms]
2024-10-19 23:11:02.134 [info] fatal: not a git repository (or any parent up to mount point /)
Stopping at filesystem boundary (GIT_DISCOVERY_ACROSS_FILESYSTEM not set).
2024-10-19 23:11:02.141 [info] > git rev-parse --show-toplevel [1ms]
2024-10-19 23:11:02.141 [info] fatal: not a git repository (or any parent up to mount point /)
Stopping at filesystem boundary (GIT_DISCOVERY_ACROSS_FILESYSTEM not set).
2024-10-19 23:11:02.147 [info] > git rev-parse --show-toplevel [1ms]
2024-10-19 23:11:02.147 [info] fatal: not a git repository (or any parent up to mount point /)
Stopping at filesystem boundary (GIT_DISCOVERY_ACROSS_FILESYSTEM not set).
2024-10-19 23:11:02.153 [info] > git rev-parse --show-toplevel [1ms]
2024-10-19 23:11:02.153 [info] fatal: not a git repository (or any parent up to mount point /)
Stopping at filesystem boundary (GIT_DISCOVERY_ACROSS_FILESYSTEM not set).
2024-10-19 23:11:02.160 [info] > git rev-parse --show-toplevel [1ms]
2024-10-19 23:11:02.160 [info] fatal: not a git repository (or any parent up to mount point /)
Stopping at filesystem boundary (GIT_DISCOVERY_ACROSS_FILESYSTEM not set).
2024-10-19 23:11:02.171 [info] > git rev-parse --show-toplevel [3ms]
2024-10-19 23:11:02.171 [info] fatal: not a git repository (or any parent up to mount point /)
Stopping at filesystem boundary (GIT_DISCOVERY_ACROSS_FILESYSTEM not set).
2024-10-19 23:11:02.178 [info] > git rev-parse --show-toplevel [1ms]
2024-10-19 23:11:02.178 [info] fatal: not a git repository (or any parent up to mount point /)
Stopping at filesystem boundary (GIT_DISCOVERY_ACROSS_FILESYSTEM not set).
2024-10-19 23:11:02.178 [info] [Model][doInitialScan] Initial repository scan completed - repositories (0), closed repositories (0), parent repositories (0), unsafe repositories (0)
2024-10-19 23:11:03.850 [info] [main] Log level: Info
2024-10-19 23:11:03.850 [info] [main] Validating found git in: "git"
2024-10-19 23:11:03.850 [info] [main] Using git "2.47.0" from "git"
2024-10-19 23:11:03.850 [info] [Model][doInitialScan] Initial repository scan started
2024-10-19 23:11:03.850 [info] > git rev-parse --show-toplevel [5ms]
2024-10-19 23:11:03.850 [info] fatal: not a git repository (or any parent up to mount point /)
Stopping at filesystem boundary (GIT_DISCOVERY_ACROSS_FILESYSTEM not set).
2024-10-19 23:11:03.872 [info] > git rev-parse --show-toplevel [23ms]
2024-10-19 23:11:03.872 [info] fatal: not a git repository (or any parent up to mount point /)
Stopping at filesystem boundary (GIT_DISCOVERY_ACROSS_FILESYSTEM not set).
2024-10-19 23:11:03.887 [info] > git rev-parse --show-toplevel [2ms]
2024-10-19 23:11:03.888 [info] fatal: not a git repository (or any parent up to mount point /)
Stopping at filesystem boundary (GIT_DISCOVERY_ACROSS_FILESYSTEM not set).
2024-10-19 23:11:03.896 [info] > git rev-parse --show-toplevel [2ms]
2024-10-19 23:11:03.896 [info] fatal: not a git repository (or any parent up to mount point /)
Stopping at filesystem boundary (GIT_DISCOVERY_ACROSS_FILESYSTEM not set).
2024-10-19 23:11:03.907 [info] > git rev-parse --show-toplevel [2ms]
2024-10-19 23:11:03.907 [info] fatal: not a git repository (or any parent up to mount point /)
Stopping at filesystem boundary (GIT_DISCOVERY_ACROSS_FILESYSTEM not set).
2024-10-19 23:11:03.918 [info] > git rev-parse --show-toplevel [2ms]
2024-10-19 23:11:03.918 [info] fatal: not a git repository (or any parent up to mount point /)
Stopping at filesystem boundary (GIT_DISCOVERY_ACROSS_FILESYSTEM not set).
2024-10-19 23:11:03.928 [info] > git rev-parse --show-toplevel [1ms]
2024-10-19 23:11:03.928 [info] fatal: not a git repository (or any parent up to mount point /)
Stopping at filesystem boundary (GIT_DISCOVERY_ACROSS_FILESYSTEM not set).
2024-10-19 23:11:03.936 [info] > git rev-parse --show-toplevel [2ms]
2024-10-19 23:11:03.936 [info] fatal: not a git repository (or any parent up to mount point /)
Stopping at filesystem boundary (GIT_DISCOVERY_ACROSS_FILESYSTEM not set).
2024-10-19 23:11:03.943 [info] > git rev-parse --show-toplevel [1ms]
2024-10-19 23:11:03.943 [info] fatal: not a git repository (or any parent up to mount point /)
Stopping at filesystem boundary (GIT_DISCOVERY_ACROSS_FILESYSTEM not set).
2024-10-19 23:11:03.950 [info] > git rev-parse --show-toplevel [1ms]
2024-10-19 23:11:03.950 [info] fatal: not a git repository (or any parent up to mount point /)
Stopping at filesystem boundary (GIT_DISCOVERY_ACROSS_FILESYSTEM not set).
2024-10-19 23:11:03.957 [info] > git rev-parse --show-toplevel [1ms]
2024-10-19 23:11:03.957 [info] fatal: not a git repository (or any parent up to mount point /)
Stopping at filesystem boundary (GIT_DISCOVERY_ACROSS_FILESYSTEM not set).
2024-10-19 23:11:03.964 [info] > git rev-parse --show-toplevel [1ms]
2024-10-19 23:11:03.964 [info] fatal: not a git repository (or any parent up to mount point /)
Stopping at filesystem boundary (GIT_DISCOVERY_ACROSS_FILESYSTEM not set).
2024-10-19 23:11:03.971 [info] > git rev-parse --show-toplevel [1ms]
2024-10-19 23:11:03.971 [info] fatal: not a git repository (or any parent up to mount point /)
Stopping at filesystem boundary (GIT_DISCOVERY_ACROSS_FILESYSTEM not set).
2024-10-19 23:11:03.981 [info] > git rev-parse --show-toplevel [2ms]
2024-10-19 23:11:03.981 [info] fatal: not a git repository (or any parent up to mount point /)
Stopping at filesystem boundary (GIT_DISCOVERY_ACROSS_FILESYSTEM not set).
2024-10-19 23:11:03.992 [info] > git rev-parse --show-toplevel [2ms]
2024-10-19 23:11:03.992 [info] fatal: not a git repository (or any parent up to mount point /)
Stopping at filesystem boundary (GIT_DISCOVERY_ACROSS_FILESYSTEM not set).
2024-10-19 23:11:03.999 [info] > git rev-parse --show-toplevel [1ms]
2024-10-19 23:11:03.999 [info] fatal: not a git repository (or any parent up to mount point /)
Stopping at filesystem boundary (GIT_DISCOVERY_ACROSS_FILESYSTEM not set).
2024-10-19 23:11:04.006 [info] > git rev-parse --show-toplevel [1ms]
2024-10-19 23:11:04.006 [info] fatal: not a git repository (or any parent up to mount point /)
Stopping at filesystem boundary (GIT_DISCOVERY_ACROSS_FILESYSTEM not set).
2024-10-19 23:11:04.017 [info] > git rev-parse --show-toplevel [2ms]
2024-10-19 23:11:04.017 [info] fatal: not a git repository (or any parent up to mount point /)
Stopping at filesystem boundary (GIT_DISCOVERY_ACROSS_FILESYSTEM not set).
2024-10-19 23:11:04.024 [info] > git rev-parse --show-toplevel [1ms]
2024-10-19 23:11:04.024 [info] fatal: not a git repository (or any parent up to mount point /)
Stopping at filesystem boundary (GIT_DISCOVERY_ACROSS_FILESYSTEM not set).
2024-10-19 23:11:04.035 [info] > git rev-parse --show-toplevel [2ms]
2024-10-19 23:11:04.035 [info] fatal: not a git repository (or any parent up to mount point /)
Stopping at filesystem boundary (GIT_DISCOVERY_ACROSS_FILESYSTEM not set).
2024-10-19 23:11:04.046 [info] > git rev-parse --show-toplevel [2ms]
2024-10-19 23:11:04.046 [info] fatal: not a git repository (or any parent up to mount point /)
Stopping at filesystem boundary (GIT_DISCOVERY_ACROSS_FILESYSTEM not set).
2024-10-19 23:11:04.053 [info] > git rev-parse --show-toplevel [1ms]
2024-10-19 23:11:04.053 [info] fatal: not a git repository (or any parent up to mount point /)
Stopping at filesystem boundary (GIT_DISCOVERY_ACROSS_FILESYSTEM not set).
2024-10-19 23:11:04.065 [info] > git rev-parse --show-toplevel [2ms]
2024-10-19 23:11:04.065 [info] fatal: not a git repository (or any parent up to mount point /)
Stopping at filesystem boundary (GIT_DISCOVERY_ACROSS_FILESYSTEM not set).
2024-10-19 23:11:04.078 [info] > git rev-parse --show-toplevel [2ms]
2024-10-19 23:11:04.078 [info] fatal: not a git repository (or any parent up to mount point /)
Stopping at filesystem boundary (GIT_DISCOVERY_ACROSS_FILESYSTEM not set).
2024-10-19 23:11:04.087 [info] > git rev-parse --show-toplevel [1ms]
2024-10-19 23:11:04.087 [info] fatal: not a git repository (or any parent up to mount point /)
Stopping at filesystem boundary (GIT_DISCOVERY_ACROSS_FILESYSTEM not set).
2024-10-19 23:11:04.094 [info] > git rev-parse --show-toplevel [1ms]
2024-10-19 23:11:04.094 [info] fatal: not a git repository (or any parent up to mount point /)
Stopping at filesystem boundary (GIT_DISCOVERY_ACROSS_FILESYSTEM not set).
2024-10-19 23:11:04.101 [info] > git rev-parse --show-toplevel [1ms]
2024-10-19 23:11:04.101 [info] fatal: not a git repository (or any parent up to mount point /)
Stopping at filesystem boundary (GIT_DISCOVERY_ACROSS_FILESYSTEM not set).
2024-10-19 23:11:04.102 [info] [Model][doInitialScan] Initial repository scan completed - repositories (0), closed repositories (0), parent repositories (0), unsafe repositories (0)
2024-10-19 23:11:06.080 [info] [main] Log level: Info
2024-10-19 23:11:06.080 [info] [main] Validating found git in: "git"
2024-10-19 23:11:06.080 [info] [main] Using git "2.47.0" from "git"
2024-10-19 23:11:06.080 [info] [Model][doInitialScan] Initial repository scan started
2024-10-19 23:11:06.080 [info] > git rev-parse --show-toplevel [7ms]
2024-10-19 23:11:06.080 [info] fatal: not a git repository (or any parent up to mount point /)
Stopping at filesystem boundary (GIT_DISCOVERY_ACROSS_FILESYSTEM not set).
2024-10-19 23:11:06.081 [info] > git rev-parse --show-toplevel [20ms]
2024-10-19 23:11:06.081 [info] fatal: not a git repository (or any parent up to mount point /)
Stopping at filesystem boundary (GIT_DISCOVERY_ACROSS_FILESYSTEM not set).
2024-10-19 23:11:06.102 [info] > git rev-parse --show-toplevel [7ms]
2024-10-19 23:11:06.102 [info] fatal: not a git repository (or any parent up to mount point /)
Stopping at filesystem boundary (GIT_DISCOVERY_ACROSS_FILESYSTEM not set).
2024-10-19 23:11:06.103 [info] [Model][doInitialScan] Initial repository scan completed - repositories (0), closed repositories (0), parent repositories (0), unsafe repositories (0)
2024-10-19 23:11:07.774 [info] [main] Log level: Info
2024-10-19 23:11:07.774 [info] [main] Validating found git in: "git"
2024-10-19 23:11:07.774 [info] [main] Using git "2.47.0" from "git"
2024-10-19 23:11:07.774 [info] [Model][doInitialScan] Initial repository scan started
2024-10-19 23:11:07.774 [info] > git rev-parse --show-toplevel [4ms]
2024-10-19 23:11:07.774 [info] fatal: not a git repository (or any parent up to mount point /)
Stopping at filesystem boundary (GIT_DISCOVERY_ACROSS_FILESYSTEM not set).
2024-10-19 23:11:07.774 [info] [Model][doInitialScan] Initial repository scan completed - repositories (0), closed repositories (0), parent repositories (0), unsafe repositories (0)
2024-10-19 23:11:08.648 [info] > git rev-parse --show-toplevel [1ms]
2024-10-19 23:11:08.648 [info] fatal: not a git repository (or any parent up to mount point /)
Stopping at filesystem boundary (GIT_DISCOVERY_ACROSS_FILESYSTEM not set).
2024-10-19 23:11:08.780 [info] > git rev-parse --show-toplevel [3ms]
2024-10-19 23:11:08.780 [info] fatal: not a git repository (or any parent up to mount point /)
Stopping at filesystem boundary (GIT_DISCOVERY_ACROSS_FILESYSTEM not set).
2024-10-19 23:11:08.962 [info] > git rev-parse --show-toplevel [2ms]
2024-10-19 23:11:08.962 [info] fatal: not a git repository (or any parent up to mount point /)
Stopping at filesystem boundary (GIT_DISCOVERY_ACROSS_FILESYSTEM not set).
2024-10-19 23:11:09.121 [info] > git rev-parse --show-toplevel [2ms]
2024-10-19 23:11:09.122 [info] fatal: not a git repository (or any parent up to mount point /)
Stopping at filesystem boundary (GIT_DISCOVERY_ACROSS_FILESYSTEM not set).
2024-10-19 23:11:09.265 [info] > git rev-parse --show-toplevel [2ms]
2024-10-19 23:11:09.265 [info] fatal: not a git repository (or any parent up to mount point /)
Stopping at filesystem boundary (GIT_DISCOVERY_ACROSS_FILESYSTEM not set).
2024-10-19 23:11:09.429 [info] > git rev-parse --show-toplevel [3ms]
2024-10-19 23:11:09.429 [info] fatal: not a git repository (or any parent up to mount point /)
Stopping at filesystem boundary (GIT_DISCOVERY_ACROSS_FILESYSTEM not set).
2024-10-19 23:11:09.580 [info] > git rev-parse --show-toplevel [1ms]
2024-10-19 23:11:09.580 [info] fatal: not a git repository (or any parent up to mount point /)
Stopping at filesystem boundary (GIT_DISCOVERY_ACROSS_FILESYSTEM not set).
2024-10-19 23:11:09.758 [info] > git rev-parse --show-toplevel [1ms]
2024-10-19 23:11:09.758 [info] fatal: not a git repository (or any parent up to mount point /)
Stopping at filesystem boundary (GIT_DISCOVERY_ACROSS_FILESYSTEM not set).
2024-10-19 23:11:10.144 [info] > git rev-parse --show-toplevel [2ms]
2024-10-19 23:11:10.144 [info] fatal: not a git repository (or any parent up to mount point /)
Stopping at filesystem boundary (GIT_DISCOVERY_ACROSS_FILESYSTEM not set).
2024-10-19 23:11:10.330 [info] > git rev-parse --show-toplevel [1ms]
2024-10-19 23:11:10.330 [info] fatal: not a git repository (or any parent up to mount point /)
Stopping at filesystem boundary (GIT_DISCOVERY_ACROSS_FILESYSTEM not set).
2024-10-19 23:17:30.568 [info] [main] Log level: Info
2024-10-19 23:17:30.568 [info] [main] Validating found git in: "git"
2024-10-19 23:17:30.568 [info] [main] Using git "2.47.0" from "git"
2024-10-19 23:17:30.568 [info] [Model][doInitialScan] Initial repository scan started
2024-10-19 23:17:30.568 [info] > git rev-parse --show-toplevel [7ms]
2024-10-19 23:17:30.568 [info] fatal: not a git repository (or any parent up to mount point /)
Stopping at filesystem boundary (GIT_DISCOVERY_ACROSS_FILESYSTEM not set).
2024-10-19 23:17:30.568 [info] [Model][doInitialScan] Initial repository scan completed - repositories (0), closed repositories (0), parent repositories (0), unsafe repositories (0)
2024-10-19 23:17:32.309 [info] > git rev-parse --show-toplevel [1ms]
2024-10-19 23:17:32.309 [info] fatal: not a git repository (or any parent up to mount point /)
Stopping at filesystem boundary (GIT_DISCOVERY_ACROSS_FILESYSTEM not set).
2024-10-19 23:17:36.953 [info] > git rev-parse --show-toplevel [3ms]
2024-10-19 23:17:36.953 [info] fatal: not a git repository (or any parent up to mount point /)
Stopping at filesystem boundary (GIT_DISCOVERY_ACROSS_FILESYSTEM not set).
2024-10-19 23:17:45.357 [info] > git rev-parse --show-toplevel [4ms]
2024-10-19 23:17:45.357 [info] fatal: not a git repository (or any parent up to mount point /)
Stopping at filesystem boundary (GIT_DISCOVERY_ACROSS_FILESYSTEM not set).
2024-10-19 23:18:18.491 [info] > git rev-parse --show-toplevel [3ms]
2024-10-19 23:18:18.491 [info] fatal: not a git repository (or any parent up to mount point /)
Stopping at filesystem boundary (GIT_DISCOVERY_ACROSS_FILESYSTEM not set).
2024-10-19 23:18:22.730 [info] > git rev-parse --show-toplevel [2ms]
2024-10-19 23:18:22.730 [info] fatal: not a git repository (or any parent up to mount point /)
Stopping at filesystem boundary (GIT_DISCOVERY_ACROSS_FILESYSTEM not set).
2024-10-19 23:19:50.536 [info] > git rev-parse --show-toplevel [2ms]
2024-10-19 23:19:50.536 [info] fatal: not a git repository (or any parent up to mount point /)
Stopping at filesystem boundary (GIT_DISCOVERY_ACROSS_FILESYSTEM not set).
2024-10-19 23:30:53.461 [info] [main] Log level: Info
2024-10-19 23:30:53.461 [info] [main] Validating found git in: "git"
2024-10-19 23:30:53.461 [info] [main] Using git "2.47.0" from "git"
2024-10-19 23:30:53.461 [info] [Model][doInitialScan] Initial repository scan started
2024-10-19 23:30:53.461 [info] > git rev-parse --show-toplevel [4ms]
2024-10-19 23:30:53.461 [info] fatal: not a git repository (or any parent up to mount point /)
Stopping at filesystem boundary (GIT_DISCOVERY_ACROSS_FILESYSTEM not set).
2024-10-19 23:30:53.470 [info] > git rev-parse --show-toplevel [3ms]
2024-10-19 23:30:53.470 [info] fatal: not a git repository (or any parent up to mount point /)
Stopping at filesystem boundary (GIT_DISCOVERY_ACROSS_FILESYSTEM not set).
2024-10-19 23:30:53.505 [info] > git rev-parse --show-toplevel [5ms]
2024-10-19 23:30:53.505 [info] fatal: not a git repository (or any parent up to mount point /)
Stopping at filesystem boundary (GIT_DISCOVERY_ACROSS_FILESYSTEM not set).
2024-10-19 23:30:53.514 [info] > git rev-parse --show-toplevel [1ms]
2024-10-19 23:30:53.514 [info] fatal: not a git repository (or any parent up to mount point /)
Stopping at filesystem boundary (GIT_DISCOVERY_ACROSS_FILESYSTEM not set).
2024-10-19 23:30:53.525 [info] > git rev-parse --show-toplevel [2ms]
2024-10-19 23:30:53.525 [info] fatal: not a git repository (or any parent up to mount point /)
Stopping at filesystem boundary (GIT_DISCOVERY_ACROSS_FILESYSTEM not set).
2024-10-19 23:30:53.537 [info] > git rev-parse --show-toplevel [3ms]
2024-10-19 23:30:53.537 [info] fatal: not a git repository (or any parent up to mount point /)
Stopping at filesystem boundary (GIT_DISCOVERY_ACROSS_FILESYSTEM not set).
2024-10-19 23:30:53.538 [info] [Model][doInitialScan] Initial repository scan completed - repositories (0), closed repositories (0), parent repositories (0), unsafe repositories (0)
2024-10-19 23:31:03.138 [info] > git rev-parse --show-toplevel [3ms]
2024-10-19 23:31:03.138 [info] fatal: not a git repository (or any parent up to mount point /)
Stopping at filesystem boundary (GIT_DISCOVERY_ACROSS_FILESYSTEM not set).
2024-10-19 23:31:05.079 [info] > git rev-parse --show-toplevel [3ms]
2024-10-19 23:31:05.079 [info] fatal: not a git repository (or any parent up to mount point /)
Stopping at filesystem boundary (GIT_DISCOVERY_ACROSS_FILESYSTEM not set).
2024-10-20 00:21:49.555 [info] > git rev-parse --show-toplevel [4ms]
2024-10-20 00:21:49.555 [info] fatal: not a git repository (or any parent up to mount point /)
Stopping at filesystem boundary (GIT_DISCOVERY_ACROSS_FILESYSTEM not set).
2024-10-20 00:21:50.537 [info] > git rev-parse --show-toplevel [3ms]
2024-10-20 00:21:50.537 [info] fatal: not a git repository (or any parent up to mount point /)
Stopping at filesystem boundary (GIT_DISCOVERY_ACROSS_FILESYSTEM not set).
