2024-10-19 17:27:28.517 [info] [main] Log level: Info
2024-10-19 17:27:28.517 [info] [main] Validating found git in: "git"
2024-10-19 17:27:28.517 [info] [main] Using git "2.47.0" from "git"
2024-10-19 17:27:28.517 [info] [Model][doInitialScan] Initial repository scan started
2024-10-19 17:27:28.517 [info] > git rev-parse --show-toplevel [12ms]
2024-10-19 17:27:28.517 [info] fatal: not a git repository (or any parent up to mount point /)
Stopping at filesystem boundary (GIT_DISCOVERY_ACROSS_FILESYSTEM not set).
2024-10-19 17:27:28.517 [info] > git rev-parse --show-toplevel [8ms]
2024-10-19 17:27:28.517 [info] fatal: not a git repository (or any parent up to mount point /)
Stopping at filesystem boundary (GIT_DISCOVERY_ACROSS_FILESYSTEM not set).
2024-10-19 17:27:28.518 [info] > git rev-parse --show-toplevel [8ms]
2024-10-19 17:27:28.518 [info] fatal: not a git repository (or any parent up to mount point /)
Stopping at filesystem boundary (GIT_DISCOVERY_ACROSS_FILESYSTEM not set).
2024-10-19 17:27:28.534 [info] > git rev-parse --show-toplevel [9ms]
2024-10-19 17:27:28.534 [info] fatal: not a git repository (or any parent up to mount point /)
Stopping at filesystem boundary (GIT_DISCOVERY_ACROSS_FILESYSTEM not set).
2024-10-19 17:27:28.543 [info] > git rev-parse --show-toplevel [2ms]
2024-10-19 17:27:28.543 [info] fatal: not a git repository (or any parent up to mount point /)
Stopping at filesystem boundary (GIT_DISCOVERY_ACROSS_FILESYSTEM not set).
2024-10-19 17:27:28.551 [info] > git rev-parse --show-toplevel [1ms]
2024-10-19 17:27:28.551 [info] fatal: not a git repository (or any parent up to mount point /)
Stopping at filesystem boundary (GIT_DISCOVERY_ACROSS_FILESYSTEM not set).
2024-10-19 17:27:28.564 [info] > git rev-parse --show-toplevel [5ms]
2024-10-19 17:27:28.564 [info] fatal: not a git repository (or any parent up to mount point /)
Stopping at filesystem boundary (GIT_DISCOVERY_ACROSS_FILESYSTEM not set).
2024-10-19 17:27:28.574 [info] > git rev-parse --show-toplevel [1ms]
2024-10-19 17:27:28.574 [info] fatal: not a git repository (or any parent up to mount point /)
Stopping at filesystem boundary (GIT_DISCOVERY_ACROSS_FILESYSTEM not set).
2024-10-19 17:27:28.583 [info] > git rev-parse --show-toplevel [1ms]
2024-10-19 17:27:28.583 [info] fatal: not a git repository (or any parent up to mount point /)
Stopping at filesystem boundary (GIT_DISCOVERY_ACROSS_FILESYSTEM not set).
2024-10-19 17:27:28.594 [info] > git rev-parse --show-toplevel [1ms]
2024-10-19 17:27:28.594 [info] fatal: not a git repository (or any parent up to mount point /)
Stopping at filesystem boundary (GIT_DISCOVERY_ACROSS_FILESYSTEM not set).
2024-10-19 17:27:28.608 [info] > git rev-parse --show-toplevel [2ms]
2024-10-19 17:27:28.608 [info] fatal: not a git repository (or any parent up to mount point /)
Stopping at filesystem boundary (GIT_DISCOVERY_ACROSS_FILESYSTEM not set).
2024-10-19 17:27:28.625 [info] > git rev-parse --show-toplevel [1ms]
2024-10-19 17:27:28.625 [info] fatal: not a git repository (or any parent up to mount point /)
Stopping at filesystem boundary (GIT_DISCOVERY_ACROSS_FILESYSTEM not set).
2024-10-19 17:27:28.646 [info] > git rev-parse --show-toplevel [2ms]
2024-10-19 17:27:28.646 [info] fatal: not a git repository (or any parent up to mount point /)
Stopping at filesystem boundary (GIT_DISCOVERY_ACROSS_FILESYSTEM not set).
2024-10-19 17:27:28.670 [info] > git rev-parse --show-toplevel [5ms]
2024-10-19 17:27:28.670 [info] fatal: not a git repository (or any parent up to mount point /)
Stopping at filesystem boundary (GIT_DISCOVERY_ACROSS_FILESYSTEM not set).
2024-10-19 17:27:28.686 [info] > git rev-parse --show-toplevel [1ms]
2024-10-19 17:27:28.686 [info] fatal: not a git repository (or any parent up to mount point /)
Stopping at filesystem boundary (GIT_DISCOVERY_ACROSS_FILESYSTEM not set).
2024-10-19 17:27:28.697 [info] > git rev-parse --show-toplevel [2ms]
2024-10-19 17:27:28.697 [info] fatal: not a git repository (or any parent up to mount point /)
Stopping at filesystem boundary (GIT_DISCOVERY_ACROSS_FILESYSTEM not set).
2024-10-19 17:27:28.705 [info] > git rev-parse --show-toplevel [1ms]
2024-10-19 17:27:28.705 [info] fatal: not a git repository (or any parent up to mount point /)
Stopping at filesystem boundary (GIT_DISCOVERY_ACROSS_FILESYSTEM not set).
2024-10-19 17:27:28.713 [info] > git rev-parse --show-toplevel [1ms]
2024-10-19 17:27:28.713 [info] fatal: not a git repository (or any parent up to mount point /)
Stopping at filesystem boundary (GIT_DISCOVERY_ACROSS_FILESYSTEM not set).
2024-10-19 17:27:28.727 [info] > git rev-parse --show-toplevel [1ms]
2024-10-19 17:27:28.727 [info] fatal: not a git repository (or any parent up to mount point /)
Stopping at filesystem boundary (GIT_DISCOVERY_ACROSS_FILESYSTEM not set).
2024-10-19 17:27:28.738 [info] > git rev-parse --show-toplevel [1ms]
2024-10-19 17:27:28.738 [info] fatal: not a git repository (or any parent up to mount point /)
Stopping at filesystem boundary (GIT_DISCOVERY_ACROSS_FILESYSTEM not set).
2024-10-19 17:27:28.752 [info] > git rev-parse --show-toplevel [6ms]
2024-10-19 17:27:28.752 [info] fatal: not a git repository (or any parent up to mount point /)
Stopping at filesystem boundary (GIT_DISCOVERY_ACROSS_FILESYSTEM not set).
2024-10-19 17:27:28.760 [info] > git rev-parse --show-toplevel [1ms]
2024-10-19 17:27:28.760 [info] fatal: not a git repository (or any parent up to mount point /)
Stopping at filesystem boundary (GIT_DISCOVERY_ACROSS_FILESYSTEM not set).
2024-10-19 17:27:28.767 [info] > git rev-parse --show-toplevel [2ms]
2024-10-19 17:27:28.767 [info] fatal: not a git repository (or any parent up to mount point /)
Stopping at filesystem boundary (GIT_DISCOVERY_ACROSS_FILESYSTEM not set).
2024-10-19 17:27:28.774 [info] > git rev-parse --show-toplevel [1ms]
2024-10-19 17:27:28.774 [info] fatal: not a git repository (or any parent up to mount point /)
Stopping at filesystem boundary (GIT_DISCOVERY_ACROSS_FILESYSTEM not set).
2024-10-19 17:27:28.781 [info] > git rev-parse --show-toplevel [1ms]
2024-10-19 17:27:28.781 [info] fatal: not a git repository (or any parent up to mount point /)
Stopping at filesystem boundary (GIT_DISCOVERY_ACROSS_FILESYSTEM not set).
2024-10-19 17:27:28.782 [info] [Model][doInitialScan] Initial repository scan completed - repositories (0), closed repositories (0), parent repositories (0), unsafe repositories (0)
2024-10-19 17:27:28.791 [info] > git rev-parse --show-toplevel [2ms]
2024-10-19 17:27:28.791 [info] fatal: not a git repository (or any parent up to mount point /)
Stopping at filesystem boundary (GIT_DISCOVERY_ACROSS_FILESYSTEM not set).
2024-10-19 17:27:28.799 [info] > git rev-parse --show-toplevel [1ms]
2024-10-19 17:27:28.799 [info] fatal: not a git repository (or any parent up to mount point /)
Stopping at filesystem boundary (GIT_DISCOVERY_ACROSS_FILESYSTEM not set).
2024-10-19 17:27:28.806 [info] > git rev-parse --show-toplevel [1ms]
2024-10-19 17:27:28.806 [info] fatal: not a git repository (or any parent up to mount point /)
Stopping at filesystem boundary (GIT_DISCOVERY_ACROSS_FILESYSTEM not set).
2024-10-19 17:27:50.168 [info] > git rev-parse --show-toplevel [2ms]
2024-10-19 17:27:50.168 [info] fatal: not a git repository (or any parent up to mount point /)
Stopping at filesystem boundary (GIT_DISCOVERY_ACROSS_FILESYSTEM not set).
2024-10-19 17:27:50.176 [info] > git rev-parse --show-toplevel [1ms]
2024-10-19 17:27:50.176 [info] fatal: not a git repository (or any parent up to mount point /)
Stopping at filesystem boundary (GIT_DISCOVERY_ACROSS_FILESYSTEM not set).
2024-10-19 17:27:50.185 [info] > git rev-parse --show-toplevel [2ms]
2024-10-19 17:27:50.185 [info] fatal: not a git repository (or any parent up to mount point /)
Stopping at filesystem boundary (GIT_DISCOVERY_ACROSS_FILESYSTEM not set).
2024-10-19 17:27:50.299 [info] > git rev-parse --show-toplevel [1ms]
2024-10-19 17:27:50.299 [info] fatal: not a git repository (or any parent up to mount point /)
Stopping at filesystem boundary (GIT_DISCOVERY_ACROSS_FILESYSTEM not set).
2024-10-19 17:27:50.312 [info] > git rev-parse --show-toplevel [6ms]
2024-10-19 17:27:50.312 [info] fatal: not a git repository (or any parent up to mount point /)
Stopping at filesystem boundary (GIT_DISCOVERY_ACROSS_FILESYSTEM not set).
2024-10-19 17:27:50.323 [info] > git rev-parse --show-toplevel [2ms]
2024-10-19 17:27:50.323 [info] fatal: not a git repository (or any parent up to mount point /)
Stopping at filesystem boundary (GIT_DISCOVERY_ACROSS_FILESYSTEM not set).
2024-10-19 17:27:50.330 [info] > git rev-parse --show-toplevel [1ms]
2024-10-19 17:27:50.330 [info] fatal: not a git repository (or any parent up to mount point /)
Stopping at filesystem boundary (GIT_DISCOVERY_ACROSS_FILESYSTEM not set).
2024-10-19 17:27:50.337 [info] > git rev-parse --show-toplevel [1ms]
2024-10-19 17:27:50.337 [info] fatal: not a git repository (or any parent up to mount point /)
Stopping at filesystem boundary (GIT_DISCOVERY_ACROSS_FILESYSTEM not set).
2024-10-19 17:27:50.344 [info] > git rev-parse --show-toplevel [1ms]
2024-10-19 17:27:50.344 [info] fatal: not a git repository (or any parent up to mount point /)
Stopping at filesystem boundary (GIT_DISCOVERY_ACROSS_FILESYSTEM not set).
2024-10-19 17:32:26.717 [info] > git rev-parse --show-toplevel [5ms]
2024-10-19 17:32:26.717 [info] fatal: not a git repository (or any parent up to mount point /)
Stopping at filesystem boundary (GIT_DISCOVERY_ACROSS_FILESYSTEM not set).
2024-10-19 17:32:27.573 [info] > git rev-parse --show-toplevel [3ms]
2024-10-19 17:32:27.573 [info] fatal: not a git repository (or any parent up to mount point /)
Stopping at filesystem boundary (GIT_DISCOVERY_ACROSS_FILESYSTEM not set).
2024-10-19 17:32:40.701 [info] > git rev-parse --show-toplevel [2ms]
2024-10-19 17:32:40.701 [info] fatal: not a git repository (or any parent up to mount point /)
Stopping at filesystem boundary (GIT_DISCOVERY_ACROSS_FILESYSTEM not set).
2024-10-19 17:32:42.268 [info] > git rev-parse --show-toplevel [4ms]
2024-10-19 17:32:42.268 [info] fatal: not a git repository (or any parent up to mount point /)
Stopping at filesystem boundary (GIT_DISCOVERY_ACROSS_FILESYSTEM not set).
2024-10-19 17:32:43.571 [info] > git rev-parse --show-toplevel [3ms]
2024-10-19 17:32:43.572 [info] fatal: not a git repository (or any parent up to mount point /)
Stopping at filesystem boundary (GIT_DISCOVERY_ACROSS_FILESYSTEM not set).
2024-10-19 17:33:25.370 [info] > git rev-parse --show-toplevel [2ms]
2024-10-19 17:33:25.370 [info] fatal: not a git repository (or any parent up to mount point /)
Stopping at filesystem boundary (GIT_DISCOVERY_ACROSS_FILESYSTEM not set).
2024-10-19 17:33:25.865 [info] > git rev-parse --show-toplevel [4ms]
2024-10-19 17:33:25.865 [info] fatal: not a git repository (or any parent up to mount point /)
Stopping at filesystem boundary (GIT_DISCOVERY_ACROSS_FILESYSTEM not set).
2024-10-19 17:33:27.752 [info] > git rev-parse --show-toplevel [2ms]
2024-10-19 17:33:27.752 [info] fatal: not a git repository (or any parent up to mount point /)
Stopping at filesystem boundary (GIT_DISCOVERY_ACROSS_FILESYSTEM not set).
2024-10-19 17:33:48.022 [info] > git rev-parse --show-toplevel [3ms]
2024-10-19 17:33:48.022 [info] fatal: not a git repository (or any parent up to mount point /)
Stopping at filesystem boundary (GIT_DISCOVERY_ACROSS_FILESYSTEM not set).
2024-10-19 17:33:49.647 [info] > git rev-parse --show-toplevel [2ms]
2024-10-19 17:33:49.648 [info] fatal: not a git repository (or any parent up to mount point /)
Stopping at filesystem boundary (GIT_DISCOVERY_ACROSS_FILESYSTEM not set).
2024-10-19 17:33:54.139 [info] > git rev-parse --show-toplevel [3ms]
2024-10-19 17:33:54.139 [info] fatal: not a git repository (or any parent up to mount point /)
Stopping at filesystem boundary (GIT_DISCOVERY_ACROSS_FILESYSTEM not set).
2024-10-19 17:33:58.781 [info] > git rev-parse --show-toplevel [3ms]
2024-10-19 17:33:58.781 [info] fatal: not a git repository (or any parent up to mount point /)
Stopping at filesystem boundary (GIT_DISCOVERY_ACROSS_FILESYSTEM not set).
2024-10-19 17:33:59.586 [info] > git rev-parse --show-toplevel [2ms]
2024-10-19 17:33:59.586 [info] fatal: not a git repository (or any parent up to mount point /)
Stopping at filesystem boundary (GIT_DISCOVERY_ACROSS_FILESYSTEM not set).
2024-10-19 17:34:03.192 [info] > git rev-parse --show-toplevel [2ms]
2024-10-19 17:34:03.192 [info] fatal: not a git repository (or any parent up to mount point /)
Stopping at filesystem boundary (GIT_DISCOVERY_ACROSS_FILESYSTEM not set).
2024-10-19 17:34:05.291 [info] > git rev-parse --show-toplevel [5ms]
2024-10-19 17:34:05.291 [info] fatal: not a git repository (or any parent up to mount point /)
Stopping at filesystem boundary (GIT_DISCOVERY_ACROSS_FILESYSTEM not set).
2024-10-19 17:34:07.082 [info] > git rev-parse --show-toplevel [2ms]
2024-10-19 17:34:07.082 [info] fatal: not a git repository (or any parent up to mount point /)
Stopping at filesystem boundary (GIT_DISCOVERY_ACROSS_FILESYSTEM not set).
2024-10-19 17:34:07.647 [info] > git rev-parse --show-toplevel [2ms]
2024-10-19 17:34:07.647 [info] fatal: not a git repository (or any parent up to mount point /)
Stopping at filesystem boundary (GIT_DISCOVERY_ACROSS_FILESYSTEM not set).
2024-10-19 17:34:08.311 [info] > git rev-parse --show-toplevel [2ms]
2024-10-19 17:34:08.311 [info] fatal: not a git repository (or any parent up to mount point /)
Stopping at filesystem boundary (GIT_DISCOVERY_ACROSS_FILESYSTEM not set).
2024-10-19 17:34:08.877 [info] > git rev-parse --show-toplevel [2ms]
2024-10-19 17:34:08.878 [info] fatal: not a git repository (or any parent up to mount point /)
Stopping at filesystem boundary (GIT_DISCOVERY_ACROSS_FILESYSTEM not set).
2024-10-19 17:34:09.538 [info] > git rev-parse --show-toplevel [2ms]
2024-10-19 17:34:09.538 [info] fatal: not a git repository (or any parent up to mount point /)
Stopping at filesystem boundary (GIT_DISCOVERY_ACROSS_FILESYSTEM not set).
2024-10-19 17:34:11.706 [info] > git rev-parse --show-toplevel [2ms]
2024-10-19 17:34:11.706 [info] fatal: not a git repository (or any parent up to mount point /)
Stopping at filesystem boundary (GIT_DISCOVERY_ACROSS_FILESYSTEM not set).
2024-10-19 17:34:28.322 [info] > git rev-parse --show-toplevel [3ms]
2024-10-19 17:34:28.322 [info] fatal: not a git repository (or any parent up to mount point /)
Stopping at filesystem boundary (GIT_DISCOVERY_ACROSS_FILESYSTEM not set).
2024-10-19 17:34:29.374 [info] > git rev-parse --show-toplevel [2ms]
2024-10-19 17:34:29.374 [info] fatal: not a git repository (or any parent up to mount point /)
Stopping at filesystem boundary (GIT_DISCOVERY_ACROSS_FILESYSTEM not set).
2024-10-19 17:34:30.241 [info] > git rev-parse --show-toplevel [1ms]
2024-10-19 17:34:30.241 [info] fatal: not a git repository (or any parent up to mount point /)
Stopping at filesystem boundary (GIT_DISCOVERY_ACROSS_FILESYSTEM not set).
2024-10-19 17:35:11.855 [info] > git rev-parse --show-toplevel [5ms]
2024-10-19 17:35:11.855 [info] fatal: not a git repository (or any parent up to mount point /)
Stopping at filesystem boundary (GIT_DISCOVERY_ACROSS_FILESYSTEM not set).
2024-10-19 17:35:45.093 [info] > git rev-parse --show-toplevel [4ms]
2024-10-19 17:35:45.093 [info] fatal: not a git repository (or any parent up to mount point /)
Stopping at filesystem boundary (GIT_DISCOVERY_ACROSS_FILESYSTEM not set).
2024-10-19 17:35:50.366 [info] > git rev-parse --show-toplevel [3ms]
2024-10-19 17:35:50.366 [info] fatal: not a git repository (or any parent up to mount point /)
Stopping at filesystem boundary (GIT_DISCOVERY_ACROSS_FILESYSTEM not set).
2024-10-19 17:38:03.300 [info] > git rev-parse --show-toplevel [2ms]
2024-10-19 17:38:03.300 [info] fatal: not a git repository (or any parent up to mount point /)
Stopping at filesystem boundary (GIT_DISCOVERY_ACROSS_FILESYSTEM not set).
2024-10-19 17:38:15.385 [info] > git rev-parse --show-toplevel [3ms]
2024-10-19 17:38:15.385 [info] fatal: not a git repository (or any parent up to mount point /)
Stopping at filesystem boundary (GIT_DISCOVERY_ACROSS_FILESYSTEM not set).
2024-10-19 17:39:30.202 [info] > git rev-parse --show-toplevel [2ms]
2024-10-19 17:39:30.203 [info] fatal: not a git repository (or any parent up to mount point /)
Stopping at filesystem boundary (GIT_DISCOVERY_ACROSS_FILESYSTEM not set).
2024-10-19 17:42:18.800 [info] > git rev-parse --show-toplevel [3ms]
2024-10-19 17:42:18.800 [info] fatal: not a git repository (or any parent up to mount point /)
Stopping at filesystem boundary (GIT_DISCOVERY_ACROSS_FILESYSTEM not set).
